1 ish.c:214 0x9b2100d 15
4 ish.c:230 0x9b2100d 15
1 dynarray.c:61 0x9b212fd 12
2 dynarray.c:73 0x9b21315 8
1 token.c:61 0x9b2132d 8
1 token.c:71 0x9b21345 5
1 token.c:61 0x9b21355 8
1 token.c:71 0x9b2136d 33
1 dynarray.c:61 0x9b2139d 12
2 dynarray.c:73 0x9b213b5 8
1 command.c:227 0x9b213cd 12
4 command.c:252 0x9b213cd 12
4 token.c:231 0x9b2136d 33
4 token.c:232 0x9b21355 8
4 token.c:231 0x9b21345 5
4 token.c:232 0x9b2132d 8
4 dynarray.c:93 0x9b21315 8
4 dynarray.c:94 0x9b212fd 12
1 dynarray.c:61 0x9b212fd 12
2 dynarray.c:73 0x9b21315 8
1 token.c:61 0x9b2132d 8
1 token.c:71 0x9b21355 10
1 command.c:227 0x9b213cd 8
4 command.c:252 0x9b213cd 8
4 token.c:231 0x9b21355 10
4 token.c:232 0x9b2132d 8
4 dynarray.c:93 0x9b21315 8
4 dynarray.c:94 0x9b212fd 12
1 dynarray.c:61 0x9b212fd 12
2 dynarray.c:73 0x9b21315 8
1 token.c:61 0x9b2132d 8
1 token.c:71 0x9b21345 5
1 command.c:227 0x9b21355 8
4 command.c:252 0x9b21355 8
4 token.c:231 0x9b21345 5
4 token.c:232 0x9b2132d 8
4 dynarray.c:93 0x9b21315 8
4 dynarray.c:94 0x9b212fd 12
1 dynarray.c:61 0x9b212fd 12
2 dynarray.c:73 0x9b21315 8
1 token.c:61 0x9b2132d 8
1 token.c:71 0x9b21345 4
1 command.c:227 0x9b21355 8
4 command.c:252 0x9b21355 8
4 token.c:231 0x9b21345 4
4 token.c:232 0x9b2132d 8
4 dynarray.c:93 0x9b21315 8
4 dynarray.c:94 0x9b212fd 12
1 dynarray.c:61 0x9b212fd 12
2 dynarray.c:73 0x9b21315 8
1 token.c:61 0x9b2132d 8
1 token.c:71 0x9b21345 3
1 command.c:227 0x9b21355 8
4 command.c:252 0x9b21355 8
4 token.c:231 0x9b21345 3
4 token.c:232 0x9b2132d 8
4 dynarray.c:93 0x9b21315 8
4 dynarray.c:94 0x9b212fd 12
1 dynarray.c:61 0x9b212fd 12
2 dynarray.c:73 0x9b21315 8
1 token.c:61 0x9b2132d 8
1 token.c:71 0x9b21345 3
1 token.c:61 0x9b21355 8
1 token.c:71 0x9b213e5 4
1 command.c:227 0x9b213cd 12
4 command.c:252 0x9b213cd 12
4 token.c:231 0x9b213e5 4
4 token.c:232 0x9b21355 8
4 token.c:231 0x9b21345 3
4 token.c:232 0x9b2132d 8
4 dynarray.c:93 0x9b21315 8
4 dynarray.c:94 0x9b212fd 12
1 dynarray.c:61 0x9b212fd 12
2 dynarray.c:73 0x9b21315 8
1 token.c:61 0x9b2132d 8
1 token.c:71 0x9b21345 5
1 command.c:227 0x9b21355 8
4 command.c:252 0x9b21355 8
4 token.c:231 0x9b21345 5
4 token.c:232 0x9b2132d 8
4 dynarray.c:93 0x9b21315 8
4 dynarray.c:94 0x9b212fd 12
1 dynarray.c:61 0x9b212fd 12
2 dynarray.c:73 0x9b21315 8
1 token.c:61 0x9b2132d 8
1 token.c:71 0x9b21345 5
1 token.c:61 0x9b21355 8
1 token.c:71 0x9b213e5 4
1 token.c:61 0x9b213cd 8
1 token.c:71 0x9b213f5 4
3 dynarray.c:165 0x9b2100d 0x9b21315 8 16
1 token.c:61 0x9b21315 8
1 token.c:71 0x9b21405 6
3 dynarray.c:165 0x9b21415 0x9b213b5 8 16
1 command.c:227 0x9b21435 20
4 command.c:252 0x9b21435 20
4 token.c:231 0x9b21405 6
4 token.c:232 0x9b21315 8
4 token.c:231 0x9b213f5 4
4 token.c:232 0x9b213cd 8
4 token.c:231 0x9b213e5 4
4 token.c:232 0x9b21355 8
4 token.c:231 0x9b21345 5
4 token.c:232 0x9b2132d 8
4 dynarray.c:93 0x9b2100d 16
4 dynarray.c:94 0x9b212fd 12
1 dynarray.c:61 0x9b212fd 12
2 dynarray.c:73 0x9b2132d 8
1 token.c:61 0x9b21355 8
1 token.c:71 0x9b21345 5
1 token.c:61 0x9b213cd 8
1 token.c:71 0x9b213e5 4
1 token.c:61 0x9b21315 8
1 token.c:71 0x9b213b5 14
3 dynarray.c:165 0x9b2100d 0x9b2132d 8 16
1 token.c:61 0x9b2132d 8
1 token.c:71 0x9b213f5 5
1 command.c:227 0x9b21435 20
4 command.c:252 0x9b21435 20
4 token.c:231 0x9b213f5 5
4 token.c:232 0x9b2132d 8
4 token.c:231 0x9b213b5 14
4 token.c:232 0x9b21315 8
4 token.c:231 0x9b213e5 4
4 token.c:232 0x9b213cd 8
4 token.c:231 0x9b21345 5
4 token.c:232 0x9b21355 8
4 dynarray.c:93 0x9b2100d 16
4 dynarray.c:94 0x9b212fd 12
1 dynarray.c:61 0x9b212fd 12
2 dynarray.c:73 0x9b21355 8
1 token.c:61 0x9b213cd 8
1 token.c:71 0x9b21315 9
1 command.c:227 0x9b213b5 8
4 command.c:252 0x9b213b5 8
4 token.c:231 0x9b21315 9
4 token.c:232 0x9b213cd 8
4 dynarray.c:93 0x9b21355 8
4 dynarray.c:94 0x9b212fd 12
1 dynarray.c:61 0x9b212fd 12
2 dynarray.c:73 0x9b21355 8
1 token.c:61 0x9b213cd 8
1 token.c:71 0x9b21315 9
1 token.c:61 0x9b213b5 8
1 token.c:71 0x9b21345 5
1 command.c:227 0x9b2132d 12
4 command.c:252 0x9b2132d 12
4 token.c:231 0x9b21345 5
4 token.c:232 0x9b213b5 8
4 token.c:231 0x9b21315 9
4 token.c:232 0x9b213cd 8
4 dynarray.c:93 0x9b21355 8
4 dynarray.c:94 0x9b212fd 12
1 dynarray.c:61 0x9b212fd 12
2 dynarray.c:73 0x9b21355 8
1 token.c:61 0x9b213cd 8
1 token.c:71 0x9b21315 9
1 token.c:61 0x9b213b5 8
1 token.c:71 0x9b21345 5
1 command.c:227 0x9b2132d 12
4 command.c:252 0x9b2132d 12
4 token.c:231 0x9b21345 5
4 token.c:232 0x9b213b5 8
4 token.c:231 0x9b21315 9
4 token.c:232 0x9b213cd 8
4 dynarray.c:93 0x9b21355 8
4 dynarray.c:94 0x9b212fd 12
1 dynarray.c:61 0x9b212fd 12
2 dynarray.c:73 0x9b21355 8
4 dynarray.c:93 0x9b21355 8
4 dynarray.c:94 0x9b212fd 12
1 dynarray.c:61 0x9b212fd 12
2 dynarray.c:73 0x9b21355 8
1 token.c:61 0x9b213cd 8
1 token.c:71 0x9b21345 5
1 token.c:61 0x9b21315 8
1 token.c:71 0x9b21455 52
1 command.c:227 0x9b213b5 12
4 command.c:252 0x9b213b5 12
4 token.c:231 0x9b21455 52
4 token.c:232 0x9b21315 8
4 token.c:231 0x9b21345 5
4 token.c:232 0x9b213cd 8
4 dynarray.c:93 0x9b21355 8
4 dynarray.c:94 0x9b212fd 12
1 dynarray.c:61 0x9b212fd 12
2 dynarray.c:73 0x9b21355 8
1 token.c:61 0x9b213cd 8
1 token.c:71 0x9b21345 3
1 token.c:61 0x9b21315 8
1 token.c:71 0x9b213e5 5
1 command.c:227 0x9b213b5 12
4 command.c:252 0x9b213b5 12
4 token.c:231 0x9b213e5 5
4 token.c:232 0x9b21315 8
4 token.c:231 0x9b21345 3
4 token.c:232 0x9b213cd 8
4 dynarray.c:93 0x9b21355 8
4 dynarray.c:94 0x9b212fd 12
1 dynarray.c:61 0x9b212fd 12
2 dynarray.c:73 0x9b21355 8
1 token.c:61 0x9b213cd 8
1 token.c:71 0x9b21345 4
1 command.c:227 0x9b21315 8
4 command.c:252 0x9b21315 8
4 token.c:231 0x9b21345 4
4 token.c:232 0x9b213cd 8
4 dynarray.c:93 0x9b21355 8
4 dynarray.c:94 0x9b212fd 12
1 dynarray.c:61 0x9b212fd 12
2 dynarray.c:73 0x9b21355 8
1 token.c:61 0x9b213cd 8
1 token.c:71 0x9b21345 3
1 token.c:61 0x9b21315 8
1 token.c:71 0x9b213e5 4
1 command.c:227 0x9b213b5 12
4 command.c:252 0x9b213b5 12
4 token.c:231 0x9b213e5 4
4 token.c:232 0x9b21315 8
4 token.c:231 0x9b21345 3
4 token.c:232 0x9b213cd 8
4 dynarray.c:93 0x9b21355 8
4 dynarray.c:94 0x9b212fd 12
1 dynarray.c:61 0x9b212fd 12
2 dynarray.c:73 0x9b21355 8
1 token.c:61 0x9b213cd 8
1 token.c:71 0x9b21345 4
1 command.c:227 0x9b21315 8
4 command.c:252 0x9b21315 8
4 token.c:231 0x9b21345 4
4 token.c:232 0x9b213cd 8
4 dynarray.c:93 0x9b21355 8
4 dynarray.c:94 0x9b212fd 12
1 dynarray.c:61 0x9b212fd 12
2 dynarray.c:73 0x9b21355 8
1 token.c:61 0x9b213cd 8
1 token.c:71 0x9b21345 3
4 token.c:231 0x9b21345 3
4 token.c:232 0x9b213cd 8
4 dynarray.c:93 0x9b21355 8
4 dynarray.c:94 0x9b212fd 12
1 dynarray.c:61 0x9b212fd 12
2 dynarray.c:73 0x9b21355 8
1 token.c:61 0x9b213cd 8
1 token.c:71 0x9b21345 4
1 command.c:227 0x9b21315 8
4 command.c:252 0x9b21315 8
4 token.c:231 0x9b21345 4
4 token.c:232 0x9b213cd 8
4 dynarray.c:93 0x9b21355 8
4 dynarray.c:94 0x9b212fd 12
1 dynarray.c:61 0x9b212fd 12
2 dynarray.c:73 0x9b21355 8
1 token.c:61 0x9b213cd 8
1 token.c:71 0x9b21315 7
1 token.c:61 0x9b213b5 8
1 token.c:71 0x9b21345 4
1 token.c:61 0x9b2132d 8
1 token.c:71 0x9b213e5 4
3 dynarray.c:165 0x9b2100d 0x9b21355 8 16
1 command.c:227 0x9b21435 16
4 command.c:252 0x9b21435 16
4 token.c:231 0x9b213e5 4
4 token.c:232 0x9b2132d 8
4 token.c:231 0x9b21345 4
4 token.c:232 0x9b213b5 8
4 token.c:231 0x9b21315 7
4 token.c:232 0x9b213cd 8
4 dynarray.c:93 0x9b2100d 16
4 dynarray.c:94 0x9b212fd 12
1 dynarray.c:61 0x9b212fd 12
2 dynarray.c:73 0x9b213cd 8
1 token.c:61 0x9b21315 8
1 token.c:71 0x9b213b5 9
1 command.c:227 0x9b2132d 8
4 command.c:252 0x9b2132d 8
4 token.c:231 0x9b213b5 9
4 token.c:232 0x9b21315 8
4 dynarray.c:93 0x9b213cd 8
4 dynarray.c:94 0x9b212fd 12
1 dynarray.c:61 0x9b212fd 12
2 dynarray.c:73 0x9b213cd 8
1 token.c:61 0x9b21315 8
1 token.c:71 0x9b213b5 9
1 token.c:61 0x9b2132d 8
1 token.c:71 0x9b21345 4
1 command.c:227 0x9b21535 12
4 command.c:252 0x9b21535 12
4 token.c:231 0x9b21345 4
4 token.c:232 0x9b2132d 8
4 token.c:231 0x9b213b5 9
4 token.c:232 0x9b21315 8
4 dynarray.c:93 0x9b213cd 8
4 dynarray.c:94 0x9b212fd 12
1 dynarray.c:61 0x9b212fd 12
2 dynarray.c:73 0x9b213cd 8
1 token.c:61 0x9b21315 8
1 token.c:71 0x9b213b5 9
1 token.c:61 0x9b2132d 8
1 token.c:71 0x9b21345 4
1 command.c:227 0x9b21535 12
4 command.c:252 0x9b21535 12
4 token.c:231 0x9b21345 4
4 token.c:232 0x9b2132d 8
4 token.c:231 0x9b213b5 9
4 token.c:232 0x9b21315 8
4 dynarray.c:93 0x9b213cd 8
4 dynarray.c:94 0x9b212fd 12
1 dynarray.c:61 0x9b212fd 12
2 dynarray.c:73 0x9b213cd 8
1 token.c:61 0x9b21315 8
1 token.c:71 0x9b213b5 9
1 command.c:227 0x9b2132d 8
4 command.c:252 0x9b2132d 8
4 token.c:231 0x9b213b5 9
4 token.c:232 0x9b21315 8
4 dynarray.c:93 0x9b213cd 8
4 dynarray.c:94 0x9b212fd 12
1 dynarray.c:61 0x9b212fd 12
2 dynarray.c:73 0x9b213cd 8
1 token.c:61 0x9b21315 8
1 token.c:71 0x9b213b5 9
1 token.c:61 0x9b2132d 8
1 token.c:71 0x9b21345 4
1 command.c:227 0x9b21535 12
4 command.c:252 0x9b21535 12
4 token.c:231 0x9b21345 4
4 token.c:232 0x9b2132d 8
4 token.c:231 0x9b213b5 9
4 token.c:232 0x9b21315 8
4 dynarray.c:93 0x9b213cd 8
4 dynarray.c:94 0x9b212fd 12
1 dynarray.c:61 0x9b212fd 12
2 dynarray.c:73 0x9b213cd 8
4 dynarray.c:93 0x9b213cd 8
4 dynarray.c:94 0x9b212fd 12
1 dynarray.c:61 0x9b212fd 12
2 dynarray.c:73 0x9b213cd 8
1 token.c:61 0x9b21315 8
1 token.c:71 0x9b21345 5
1 token.c:61 0x9b213b5 8
1 token.c:71 0x9b2100d 18
1 command.c:227 0x9b2132d 12
4 command.c:252 0x9b2132d 12
4 token.c:231 0x9b2100d 18
4 token.c:232 0x9b213b5 8
4 token.c:231 0x9b21345 5
4 token.c:232 0x9b21315 8
4 dynarray.c:93 0x9b213cd 8
4 dynarray.c:94 0x9b212fd 12
1 dynarray.c:61 0x9b212fd 12
2 dynarray.c:73 0x9b213cd 8
1 token.c:61 0x9b21315 8
1 token.c:71 0x9b21345 3
1 token.c:61 0x9b213b5 8
1 token.c:71 0x9b213e5 2
1 token.c:61 0x9b2132d 8
1 token.c:71 0x9b21405 5
3 dynarray.c:165 0x9b2100d 0x9b213cd 8 16
1 command.c:227 0x9b213cd 8
4 command.c:252 0x9b213cd 8
4 token.c:231 0x9b21405 5
4 token.c:232 0x9b2132d 8
4 token.c:231 0x9b213e5 2
4 token.c:232 0x9b213b5 8
4 token.c:231 0x9b21345 3
4 token.c:232 0x9b21315 8
4 dynarray.c:93 0x9b2100d 16
4 dynarray.c:94 0x9b212fd 12
1 dynarray.c:61 0x9b212fd 12
2 dynarray.c:73 0x9b21315 8
1 token.c:61 0x9b213b5 8
1 token.c:71 0x9b21345 4
1 token.c:61 0x9b2132d 8
1 token.c:71 0x9b213e5 5
1 command.c:227 0x9b213cd 12
4 command.c:252 0x9b213cd 12
4 token.c:231 0x9b213e5 5
4 token.c:232 0x9b2132d 8
4 token.c:231 0x9b21345 4
4 token.c:232 0x9b213b5 8
4 dynarray.c:93 0x9b21315 8
4 dynarray.c:94 0x9b212fd 12
1 dynarray.c:61 0x9b212fd 12
2 dynarray.c:73 0x9b21315 8
1 token.c:61 0x9b213b5 8
1 token.c:71 0x9b21345 4
1 token.c:61 0x9b2132d 8
1 token.c:71 0x9b213e5 2
1 token.c:61 0x9b213cd 8
1 token.c:71 0x9b21405 5
3 dynarray.c:165 0x9b2100d 0x9b21315 8 16
1 command.c:227 0x9b21315 8
4 command.c:252 0x9b21315 8
4 token.c:231 0x9b21405 5
4 token.c:232 0x9b213cd 8
4 token.c:231 0x9b213e5 2
4 token.c:232 0x9b2132d 8
4 token.c:231 0x9b21345 4
4 token.c:232 0x9b213b5 8
4 dynarray.c:93 0x9b2100d 16
4 dynarray.c:94 0x9b212fd 12
1 dynarray.c:61 0x9b212fd 12
2 dynarray.c:73 0x9b213b5 8
1 token.c:61 0x9b2132d 8
1 token.c:71 0x9b21345 4
1 token.c:61 0x9b213cd 8
1 token.c:71 0x9b213e5 2
1 token.c:61 0x9b21315 8
1 token.c:71 0x9b21405 5
3 dynarray.c:165 0x9b2100d 0x9b213b5 8 16
1 token.c:61 0x9b213b5 8
1 token.c:71 0x9b2154d 2
1 token.c:61 0x9b21535 8
1 token.c:71 0x9b2155d 6
3 dynarray.c:165 0x9b2136d 0x9b2100d 16 32
1 command.c:227 0x9b2156d 8
4 command.c:252 0x9b2156d 8
4 token.c:231 0x9b2155d 6
4 token.c:232 0x9b21535 8
4 token.c:231 0x9b2154d 2
4 token.c:232 0x9b213b5 8
4 token.c:231 0x9b21405 5
4 token.c:232 0x9b21315 8
4 token.c:231 0x9b213e5 2
4 token.c:232 0x9b213cd 8
4 token.c:231 0x9b21345 4
4 token.c:232 0x9b2132d 8
4 dynarray.c:93 0x9b2136d 32
4 dynarray.c:94 0x9b212fd 12
1 dynarray.c:61 0x9b212fd 12
2 dynarray.c:73 0x9b2132d 8
1 token.c:61 0x9b213cd 8
1 token.c:71 0x9b21345 4
1 token.c:61 0x9b21315 8
1 token.c:71 0x9b213e5 6
1 command.c:227 0x9b213b5 12
4 command.c:252 0x9b213b5 12
4 token.c:231 0x9b213e5 6
4 token.c:232 0x9b21315 8
4 token.c:231 0x9b21345 4
4 token.c:232 0x9b213cd 8
4 dynarray.c:93 0x9b2132d 8
4 dynarray.c:94 0x9b212fd 12
1 dynarray.c:61 0x9b212fd 12
2 dynarray.c:73 0x9b2132d 8
1 token.c:61 0x9b213cd 8
1 token.c:71 0x9b21345 4
1 token.c:61 0x9b21315 8
1 token.c:71 0x9b213e5 2
1 token.c:61 0x9b213b5 8
1 token.c:71 0x9b21405 6
3 dynarray.c:165 0x9b2100d 0x9b2132d 8 16
1 token.c:61 0x9b2132d 8
1 token.c:71 0x9b2154d 2
1 token.c:61 0x9b21535 8
1 token.c:71 0x9b2155d 6
3 dynarray.c:165 0x9b2136d 0x9b2100d 16 32
1 command.c:227 0x9b2156d 8
4 command.c:252 0x9b2156d 8
4 token.c:231 0x9b2155d 6
4 token.c:232 0x9b21535 8
4 token.c:231 0x9b2154d 2
4 token.c:232 0x9b2132d 8
4 token.c:231 0x9b21405 6
4 token.c:232 0x9b213b5 8
4 token.c:231 0x9b213e5 2
4 token.c:232 0x9b21315 8
4 token.c:231 0x9b21345 4
4 token.c:232 0x9b213cd 8
4 dynarray.c:93 0x9b2136d 32
4 dynarray.c:94 0x9b212fd 12
1 dynarray.c:61 0x9b212fd 12
2 dynarray.c:73 0x9b213cd 8
1 token.c:61 0x9b21315 8
1 token.c:71 0x9b21345 4
1 token.c:61 0x9b213b5 8
1 token.c:71 0x9b213e5 6
1 command.c:227 0x9b2132d 12
4 command.c:252 0x9b2132d 12
4 token.c:231 0x9b213e5 6
4 token.c:232 0x9b213b5 8
4 token.c:231 0x9b21345 4
4 token.c:232 0x9b21315 8
4 dynarray.c:93 0x9b213cd 8
4 dynarray.c:94 0x9b212fd 12
1 dynarray.c:61 0x9b212fd 12
2 dynarray.c:73 0x9b213cd 8
1 token.c:61 0x9b21315 8
1 token.c:71 0x9b21345 4
1 token.c:61 0x9b213b5 8
1 token.c:71 0x9b213e5 6
1 token.c:61 0x9b2132d 8
1 token.c:71 0x9b21405 2
3 dynarray.c:165 0x9b2100d 0x9b213cd 8 16
1 token.c:61 0x9b213cd 8
1 token.c:71 0x9b2154d 6
1 token.c:61 0x9b21535 8
1 token.c:71 0x9b2155d 6
3 dynarray.c:165 0x9b2136d 0x9b2100d 16 32
1 command.c:227 0x9b2100d 16
4 command.c:252 0x9b2100d 16
4 token.c:231 0x9b2155d 6
4 token.c:232 0x9b21535 8
4 token.c:231 0x9b2154d 6
4 token.c:232 0x9b213cd 8
4 token.c:231 0x9b21405 2
4 token.c:232 0x9b2132d 8
4 token.c:231 0x9b213e5 6
4 token.c:232 0x9b213b5 8
4 token.c:231 0x9b21345 4
4 token.c:232 0x9b21315 8
4 dynarray.c:93 0x9b2136d 32
4 dynarray.c:94 0x9b212fd 12
1 dynarray.c:61 0x9b212fd 12
2 dynarray.c:73 0x9b21315 8
1 token.c:61 0x9b213b5 8
1 token.c:71 0x9b21345 4
1 token.c:61 0x9b2132d 8
1 token.c:71 0x9b213e5 6
1 command.c:227 0x9b213cd 12
4 command.c:252 0x9b213cd 12
4 token.c:231 0x9b213e5 6
4 token.c:232 0x9b2132d 8
4 token.c:231 0x9b21345 4
4 token.c:232 0x9b213b5 8
4 dynarray.c:93 0x9b21315 8
4 dynarray.c:94 0x9b212fd 12
1 dynarray.c:61 0x9b212fd 12
2 dynarray.c:73 0x9b21315 8
1 token.c:61 0x9b213b5 8
1 token.c:71 0x9b21345 3
1 token.c:61 0x9b2132d 8
1 token.c:71 0x9b213e5 5
1 token.c:61 0x9b213cd 8
1 token.c:71 0x9b21405 6
3 dynarray.c:165 0x9b2100d 0x9b21315 8 16
1 token.c:61 0x9b21315 8
1 token.c:71 0x9b2154d 6
1 token.c:61 0x9b21535 8
1 token.c:71 0x9b2155d 6
3 dynarray.c:165 0x9b2136d 0x9b2100d 16 32
3 dynarray.c:165 0x9b21585 0x9b21415 16 32
1 command.c:227 0x9b215b5 24
4 command.c:252 0x9b215b5 24
4 token.c:231 0x9b2155d 6
4 token.c:232 0x9b21535 8
4 token.c:231 0x9b2154d 6
4 token.c:232 0x9b21315 8
4 token.c:231 0x9b21405 6
4 token.c:232 0x9b213cd 8
4 token.c:231 0x9b213e5 5
4 token.c:232 0x9b2132d 8
4 token.c:231 0x9b21345 3
4 token.c:232 0x9b213b5 8
4 dynarray.c:93 0x9b2136d 32
4 dynarray.c:94 0x9b212fd 12
1 dynarray.c:61 0x9b212fd 12
2 dynarray.c:73 0x9b213b5 8
4 dynarray.c:93 0x9b213b5 8
4 dynarray.c:94 0x9b212fd 12
1 dynarray.c:61 0x9b212fd 12
2 dynarray.c:73 0x9b213b5 8
1 token.c:61 0x9b2132d 8
1 token.c:71 0x9b21345 5
1 token.c:61 0x9b213cd 8
1 token.c:71 0x9b215b5 25
1 command.c:227 0x9b21315 12
4 command.c:252 0x9b21315 12
4 token.c:231 0x9b215b5 25
4 token.c:232 0x9b213cd 8
4 token.c:231 0x9b21345 5
4 token.c:232 0x9b2132d 8
4 dynarray.c:93 0x9b213b5 8
4 dynarray.c:94 0x9b212fd 12
1 dynarray.c:61 0x9b212fd 12
2 dynarray.c:73 0x9b213b5 8
1 token.c:61 0x9b2132d 8
1 token.c:71 0x9b21345 5
4 token.c:231 0x9b21345 5
4 token.c:232 0x9b2132d 8
4 dynarray.c:93 0x9b213b5 8
4 dynarray.c:94 0x9b212fd 12
1 dynarray.c:61 0x9b212fd 12
2 dynarray.c:73 0x9b213b5 8
1 token.c:61 0x9b2132d 8
1 token.c:71 0x9b21345 3
1 token.c:61 0x9b213cd 8
1 token.c:71 0x9b213e5 5
1 token.c:61 0x9b21315 8
1 token.c:71 0x9b21405 5
3 dynarray.c:165 0x9b21415 0x9b213b5 8 16
4 token.c:231 0x9b21405 5
4 token.c:232 0x9b21315 8
4 token.c:231 0x9b213e5 5
4 token.c:232 0x9b213cd 8
4 token.c:231 0x9b21345 3
4 token.c:232 0x9b2132d 8
4 dynarray.c:93 0x9b21415 16
4 dynarray.c:94 0x9b212fd 12
1 dynarray.c:61 0x9b212fd 12
2 dynarray.c:73 0x9b2132d 8
1 token.c:61 0x9b213cd 8
1 token.c:71 0x9b21315 7
4 token.c:231 0x9b21315 7
4 token.c:232 0x9b213cd 8
4 dynarray.c:93 0x9b2132d 8
4 dynarray.c:94 0x9b212fd 12
1 dynarray.c:61 0x9b212fd 12
2 dynarray.c:73 0x9b2132d 8
1 token.c:61 0x9b213cd 8
1 token.c:71 0x9b21315 9
4 token.c:231 0x9b21315 9
4 token.c:232 0x9b213cd 8
4 dynarray.c:93 0x9b2132d 8
4 dynarray.c:94 0x9b212fd 12
1 dynarray.c:61 0x9b212fd 12
2 dynarray.c:73 0x9b2132d 8
1 token.c:61 0x9b213cd 8
1 token.c:71 0x9b21345 5
1 token.c:61 0x9b21315 8
1 token.c:71 0x9b213e5 4
1 token.c:61 0x9b213b5 8
1 token.c:71 0x9b21405 2
3 dynarray.c:165 0x9b21415 0x9b2132d 8 16
4 token.c:231 0x9b21405 2
4 token.c:232 0x9b213b5 8
4 token.c:231 0x9b213e5 4
4 token.c:232 0x9b21315 8
4 token.c:231 0x9b21345 5
4 token.c:232 0x9b213cd 8
4 dynarray.c:93 0x9b21415 16
4 dynarray.c:94 0x9b212fd 12
1 dynarray.c:61 0x9b212fd 12
2 dynarray.c:73 0x9b213cd 8
1 token.c:61 0x9b21315 8
1 token.c:71 0x9b21345 5
1 token.c:61 0x9b213b5 8
1 token.c:71 0x9b213e5 4
1 token.c:61 0x9b2132d 8
1 token.c:71 0x9b21405 2
3 dynarray.c:165 0x9b21415 0x9b213cd 8 16
1 token.c:61 0x9b213cd 8
1 token.c:71 0x9b2154d 6
1 token.c:61 0x9b21535 8
1 token.c:71 0x9b2155d 2
3 dynarray.c:165 0x9b2136d 0x9b21415 16 32
1 token.c:61 0x9b2156d 8
1 token.c:71 0x9b215dd 6
4 token.c:231 0x9b215dd 6
4 token.c:232 0x9b2156d 8
4 token.c:231 0x9b2155d 2
4 token.c:232 0x9b21535 8
4 token.c:231 0x9b2154d 6
4 token.c:232 0x9b213cd 8
4 token.c:231 0x9b21405 2
4 token.c:232 0x9b2132d 8
4 token.c:231 0x9b213e5 4
4 token.c:232 0x9b213b5 8
4 token.c:231 0x9b21345 5
4 token.c:232 0x9b21315 8
4 dynarray.c:93 0x9b2136d 32
4 dynarray.c:94 0x9b212fd 12
1 dynarray.c:61 0x9b212fd 12
2 dynarray.c:73 0x9b21315 8
1 token.c:61 0x9b213b5 8
1 token.c:71 0x9b21345 4
1 token.c:61 0x9b2132d 8
1 token.c:71 0x9b213e5 2
1 token.c:61 0x9b213cd 8
1 token.c:71 0x9b21535 11
3 dynarray.c:165 0x9b21415 0x9b21315 8 16
1 command.c:227 0x9b21315 8
4 command.c:252 0x9b21315 8
4 token.c:231 0x9b21535 11
4 token.c:232 0x9b213cd 8
4 token.c:231 0x9b213e5 2
4 token.c:232 0x9b2132d 8
4 token.c:231 0x9b21345 4
4 token.c:232 0x9b213b5 8
4 dynarray.c:93 0x9b21415 16
4 dynarray.c:94 0x9b212fd 12
1 dynarray.c:61 0x9b212fd 12
2 dynarray.c:73 0x9b213b5 8
1 token.c:61 0x9b2132d 8
1 token.c:71 0x9b213cd 14
1 command.c:227 0x9b21535 8
4 command.c:252 0x9b21535 8
4 token.c:231 0x9b213cd 14
4 token.c:232 0x9b2132d 8
4 dynarray.c:93 0x9b213b5 8
4 dynarray.c:94 0x9b212fd 12
1 dynarray.c:61 0x9b212fd 12
2 dynarray.c:73 0x9b213b5 8
4 dynarray.c:93 0x9b213b5 8
4 dynarray.c:94 0x9b212fd 12
1 dynarray.c:61 0x9b212fd 12
2 dynarray.c:73 0x9b213b5 8
1 token.c:61 0x9b2132d 8
1 token.c:71 0x9b21345 5
1 token.c:61 0x9b213cd 8
1 token.c:71 0x9b215b5 23
1 command.c:227 0x9b21535 12
4 command.c:252 0x9b21535 12
4 token.c:231 0x9b215b5 23
4 token.c:232 0x9b213cd 8
4 token.c:231 0x9b21345 5
4 token.c:232 0x9b2132d 8
4 dynarray.c:93 0x9b213b5 8
4 dynarray.c:94 0x9b212fd 12
1 dynarray.c:61 0x9b212fd 12
2 dynarray.c:73 0x9b213b5 8
1 token.c:61 0x9b2132d 8
1 token.c:71 0x9b21345 5
1 token.c:61 0x9b213cd 8
1 token.c:71 0x9b213e5 4
1 token.c:61 0x9b21535 8
1 token.c:71 0x9b21405 4
3 dynarray.c:165 0x9b21415 0x9b213b5 8 16
1 token.c:61 0x9b213b5 8
1 token.c:71 0x9b2154d 5
1 command.c:227 0x9b2100d 20
4 command.c:252 0x9b2100d 20
4 token.c:231 0x9b2154d 5
4 token.c:232 0x9b213b5 8
4 token.c:231 0x9b21405 4
4 token.c:232 0x9b21535 8
4 token.c:231 0x9b213e5 4
4 token.c:232 0x9b213cd 8
4 token.c:231 0x9b21345 5
4 token.c:232 0x9b2132d 8
4 dynarray.c:93 0x9b21415 16
4 dynarray.c:94 0x9b212fd 12
1 dynarray.c:61 0x9b212fd 12
2 dynarray.c:73 0x9b2132d 8
1 token.c:61 0x9b213cd 8
1 token.c:71 0x9b21345 5
1 token.c:61 0x9b21535 8
1 token.c:71 0x9b213e5 4
1 token.c:61 0x9b213b5 8
1 token.c:71 0x9b21405 2
3 dynarray.c:165 0x9b21415 0x9b2132d 8 16
1 token.c:61 0x9b2132d 8
1 token.c:71 0x9b2154d 4
1 command.c:227 0x9b21315 12
4 command.c:252 0x9b21315 12
4 token.c:231 0x9b2154d 4
4 token.c:232 0x9b2132d 8
4 token.c:231 0x9b21405 2
4 token.c:232 0x9b213b5 8
4 token.c:231 0x9b213e5 4
4 token.c:232 0x9b21535 8
4 token.c:231 0x9b21345 5
4 token.c:232 0x9b213cd 8
4 dynarray.c:93 0x9b21415 16
4 dynarray.c:94 0x9b212fd 12
1 dynarray.c:61 0x9b212fd 12
2 dynarray.c:73 0x9b213cd 8
1 token.c:61 0x9b21535 8
1 token.c:71 0x9b21345 4
1 token.c:61 0x9b213b5 8
1 token.c:71 0x9b213e5 4
1 command.c:227 0x9b2132d 12
4 command.c:252 0x9b2132d 12
4 token.c:231 0x9b213e5 4
4 token.c:232 0x9b213b5 8
4 token.c:231 0x9b21345 4
4 token.c:232 0x9b21535 8
4 dynarray.c:93 0x9b213cd 8
4 dynarray.c:94 0x9b212fd 12
1 dynarray.c:61 0x9b212fd 12
2 dynarray.c:73 0x9b213cd 8
1 token.c:61 0x9b21535 8
1 token.c:71 0x9b21345 3
1 token.c:61 0x9b213b5 8
1 token.c:71 0x9b213e5 4
1 command.c:227 0x9b2132d 12
4 command.c:252 0x9b2132d 12
4 token.c:231 0x9b213e5 4
4 token.c:232 0x9b213b5 8
4 token.c:231 0x9b21345 3
4 token.c:232 0x9b21535 8
4 dynarray.c:93 0x9b213cd 8
4 dynarray.c:94 0x9b212fd 12
1 dynarray.c:61 0x9b212fd 12
2 dynarray.c:73 0x9b213cd 8
1 token.c:61 0x9b21535 8
1 token.c:71 0x9b21345 3
1 command.c:227 0x9b213b5 8
4 command.c:252 0x9b213b5 8
4 token.c:231 0x9b21345 3
4 token.c:232 0x9b21535 8
4 dynarray.c:93 0x9b213cd 8
4 dynarray.c:94 0x9b212fd 12
1 dynarray.c:61 0x9b212fd 12
2 dynarray.c:73 0x9b213cd 8
1 token.c:61 0x9b21535 8
1 token.c:71 0x9b21345 5
4 token.c:231 0x9b21345 5
4 token.c:232 0x9b21535 8
4 dynarray.c:93 0x9b213cd 8
4 dynarray.c:94 0x9b212fd 12
4 dynarray.c:93 0x9b21585 32
4 dynarray.c:94 0x9b2139d 12
