1 ish.c:220 0x9e2000d 15
4 ish.c:236 0x9e2000d 15
1 dynarray.c:61 0x9e202fd 12
2 dynarray.c:73 0x9e20315 8
1 token.c:61 0x9e2032d 8
1 token.c:71 0x9e20345 5
1 token.c:61 0x9e20355 8
1 token.c:71 0x9e2036d 33
1 dynarray.c:61 0x9e2039d 12
2 dynarray.c:73 0x9e203b5 8
1 command.c:230 0x9e203cd 12
4 command.c:256 0x9e203cd 12
4 token.c:231 0x9e2036d 33
4 token.c:232 0x9e20355 8
4 token.c:231 0x9e20345 5
4 token.c:232 0x9e2032d 8
4 dynarray.c:93 0x9e20315 8
4 dynarray.c:94 0x9e202fd 12
1 dynarray.c:61 0x9e202fd 12
2 dynarray.c:73 0x9e20315 8
1 token.c:61 0x9e2032d 8
1 token.c:71 0x9e20355 10
1 command.c:230 0x9e203cd 8
4 command.c:256 0x9e203cd 8
4 token.c:231 0x9e20355 10
4 token.c:232 0x9e2032d 8
4 dynarray.c:93 0x9e20315 8
4 dynarray.c:94 0x9e202fd 12
1 dynarray.c:61 0x9e202fd 12
2 dynarray.c:73 0x9e20315 8
1 token.c:61 0x9e2032d 8
1 token.c:71 0x9e20345 5
1 command.c:230 0x9e20355 8
4 command.c:256 0x9e20355 8
4 token.c:231 0x9e20345 5
4 token.c:232 0x9e2032d 8
4 dynarray.c:93 0x9e20315 8
4 dynarray.c:94 0x9e202fd 12
1 dynarray.c:61 0x9e202fd 12
2 dynarray.c:73 0x9e20315 8
1 token.c:61 0x9e2032d 8
1 token.c:71 0x9e20345 4
1 command.c:230 0x9e20355 8
4 command.c:256 0x9e20355 8
4 token.c:231 0x9e20345 4
4 token.c:232 0x9e2032d 8
4 dynarray.c:93 0x9e20315 8
4 dynarray.c:94 0x9e202fd 12
1 dynarray.c:61 0x9e202fd 12
2 dynarray.c:73 0x9e20315 8
1 token.c:61 0x9e2032d 8
1 token.c:71 0x9e20345 3
1 command.c:230 0x9e20355 8
4 command.c:256 0x9e20355 8
4 token.c:231 0x9e20345 3
4 token.c:232 0x9e2032d 8
4 dynarray.c:93 0x9e20315 8
4 dynarray.c:94 0x9e202fd 12
1 dynarray.c:61 0x9e202fd 12
2 dynarray.c:73 0x9e20315 8
1 token.c:61 0x9e2032d 8
1 token.c:71 0x9e20345 3
1 token.c:61 0x9e20355 8
1 token.c:71 0x9e203e5 4
1 command.c:230 0x9e203cd 12
4 command.c:256 0x9e203cd 12
4 token.c:231 0x9e203e5 4
4 token.c:232 0x9e20355 8
4 token.c:231 0x9e20345 3
4 token.c:232 0x9e2032d 8
4 dynarray.c:93 0x9e20315 8
4 dynarray.c:94 0x9e202fd 12
1 dynarray.c:61 0x9e202fd 12
2 dynarray.c:73 0x9e20315 8
1 token.c:61 0x9e2032d 8
1 token.c:71 0x9e20345 5
1 command.c:230 0x9e20355 8
4 command.c:256 0x9e20355 8
4 token.c:231 0x9e20345 5
4 token.c:232 0x9e2032d 8
4 dynarray.c:93 0x9e20315 8
4 dynarray.c:94 0x9e202fd 12
1 dynarray.c:61 0x9e202fd 12
2 dynarray.c:73 0x9e20315 8
1 token.c:61 0x9e2032d 8
1 token.c:71 0x9e20345 5
1 token.c:61 0x9e20355 8
1 token.c:71 0x9e203e5 4
1 token.c:61 0x9e203cd 8
1 token.c:71 0x9e203f5 4
3 dynarray.c:165 0x9e2000d 0x9e20315 8 16
1 token.c:61 0x9e20315 8
1 token.c:71 0x9e20405 6
3 dynarray.c:165 0x9e20415 0x9e203b5 8 16
1 command.c:230 0x9e20435 20
4 command.c:256 0x9e20435 20
4 token.c:231 0x9e20405 6
4 token.c:232 0x9e20315 8
4 token.c:231 0x9e203f5 4
4 token.c:232 0x9e203cd 8
4 token.c:231 0x9e203e5 4
4 token.c:232 0x9e20355 8
4 token.c:231 0x9e20345 5
4 token.c:232 0x9e2032d 8
4 dynarray.c:93 0x9e2000d 16
4 dynarray.c:94 0x9e202fd 12
1 dynarray.c:61 0x9e202fd 12
2 dynarray.c:73 0x9e2032d 8
1 token.c:61 0x9e20355 8
1 token.c:71 0x9e20345 5
1 token.c:61 0x9e203cd 8
1 token.c:71 0x9e203e5 4
1 token.c:61 0x9e20315 8
1 token.c:71 0x9e203b5 14
3 dynarray.c:165 0x9e2000d 0x9e2032d 8 16
1 token.c:61 0x9e2032d 8
1 token.c:71 0x9e203f5 5
1 command.c:230 0x9e20435 20
4 command.c:256 0x9e20435 20
4 token.c:231 0x9e203f5 5
4 token.c:232 0x9e2032d 8
4 token.c:231 0x9e203b5 14
4 token.c:232 0x9e20315 8
4 token.c:231 0x9e203e5 4
4 token.c:232 0x9e203cd 8
4 token.c:231 0x9e20345 5
4 token.c:232 0x9e20355 8
4 dynarray.c:93 0x9e2000d 16
4 dynarray.c:94 0x9e202fd 12
1 dynarray.c:61 0x9e202fd 12
2 dynarray.c:73 0x9e20355 8
1 token.c:61 0x9e203cd 8
1 token.c:71 0x9e20315 9
1 command.c:230 0x9e203b5 8
4 command.c:256 0x9e203b5 8
4 token.c:231 0x9e20315 9
4 token.c:232 0x9e203cd 8
4 dynarray.c:93 0x9e20355 8
4 dynarray.c:94 0x9e202fd 12
1 dynarray.c:61 0x9e202fd 12
2 dynarray.c:73 0x9e20355 8
1 token.c:61 0x9e203cd 8
1 token.c:71 0x9e20315 9
1 token.c:61 0x9e203b5 8
1 token.c:71 0x9e20345 5
1 command.c:230 0x9e2032d 12
4 command.c:256 0x9e2032d 12
4 token.c:231 0x9e20345 5
4 token.c:232 0x9e203b5 8
4 token.c:231 0x9e20315 9
4 token.c:232 0x9e203cd 8
4 dynarray.c:93 0x9e20355 8
4 dynarray.c:94 0x9e202fd 12
1 dynarray.c:61 0x9e202fd 12
2 dynarray.c:73 0x9e20355 8
1 token.c:61 0x9e203cd 8
1 token.c:71 0x9e20315 9
1 token.c:61 0x9e203b5 8
1 token.c:71 0x9e20345 5
1 command.c:230 0x9e2032d 12
4 command.c:256 0x9e2032d 12
4 token.c:231 0x9e20345 5
4 token.c:232 0x9e203b5 8
4 token.c:231 0x9e20315 9
4 token.c:232 0x9e203cd 8
4 dynarray.c:93 0x9e20355 8
4 dynarray.c:94 0x9e202fd 12
1 dynarray.c:61 0x9e202fd 12
2 dynarray.c:73 0x9e20355 8
4 dynarray.c:93 0x9e20355 8
4 dynarray.c:94 0x9e202fd 12
1 dynarray.c:61 0x9e202fd 12
2 dynarray.c:73 0x9e20355 8
1 token.c:61 0x9e203cd 8
1 token.c:71 0x9e20345 5
1 token.c:61 0x9e20315 8
1 token.c:71 0x9e20455 52
1 command.c:230 0x9e203b5 12
4 command.c:256 0x9e203b5 12
4 token.c:231 0x9e20455 52
4 token.c:232 0x9e20315 8
4 token.c:231 0x9e20345 5
4 token.c:232 0x9e203cd 8
4 dynarray.c:93 0x9e20355 8
4 dynarray.c:94 0x9e202fd 12
1 dynarray.c:61 0x9e202fd 12
2 dynarray.c:73 0x9e20355 8
1 token.c:61 0x9e203cd 8
1 token.c:71 0x9e20345 3
1 token.c:61 0x9e20315 8
1 token.c:71 0x9e203e5 5
1 command.c:230 0x9e203b5 12
4 command.c:256 0x9e203b5 12
4 token.c:231 0x9e203e5 5
4 token.c:232 0x9e20315 8
4 token.c:231 0x9e20345 3
4 token.c:232 0x9e203cd 8
4 dynarray.c:93 0x9e20355 8
4 dynarray.c:94 0x9e202fd 12
1 dynarray.c:61 0x9e202fd 12
2 dynarray.c:73 0x9e20355 8
1 token.c:61 0x9e203cd 8
1 token.c:71 0x9e20345 4
1 command.c:230 0x9e20315 8
4 command.c:256 0x9e20315 8
4 token.c:231 0x9e20345 4
4 token.c:232 0x9e203cd 8
4 dynarray.c:93 0x9e20355 8
4 dynarray.c:94 0x9e202fd 12
1 dynarray.c:61 0x9e202fd 12
2 dynarray.c:73 0x9e20355 8
1 token.c:61 0x9e203cd 8
1 token.c:71 0x9e20345 3
1 token.c:61 0x9e20315 8
1 token.c:71 0x9e203e5 4
1 command.c:230 0x9e203b5 12
4 command.c:256 0x9e203b5 12
4 token.c:231 0x9e203e5 4
4 token.c:232 0x9e20315 8
4 token.c:231 0x9e20345 3
4 token.c:232 0x9e203cd 8
4 dynarray.c:93 0x9e20355 8
4 dynarray.c:94 0x9e202fd 12
1 dynarray.c:61 0x9e202fd 12
2 dynarray.c:73 0x9e20355 8
1 token.c:61 0x9e203cd 8
1 token.c:71 0x9e20345 4
1 command.c:230 0x9e20315 8
4 command.c:256 0x9e20315 8
4 token.c:231 0x9e20345 4
4 token.c:232 0x9e203cd 8
4 dynarray.c:93 0x9e20355 8
4 dynarray.c:94 0x9e202fd 12
1 dynarray.c:61 0x9e202fd 12
2 dynarray.c:73 0x9e20355 8
1 token.c:61 0x9e203cd 8
1 token.c:71 0x9e20345 3
4 token.c:231 0x9e20345 3
4 token.c:232 0x9e203cd 8
4 dynarray.c:93 0x9e20355 8
4 dynarray.c:94 0x9e202fd 12
1 dynarray.c:61 0x9e202fd 12
2 dynarray.c:73 0x9e20355 8
1 token.c:61 0x9e203cd 8
1 token.c:71 0x9e20345 4
1 command.c:230 0x9e20315 8
4 command.c:256 0x9e20315 8
4 token.c:231 0x9e20345 4
4 token.c:232 0x9e203cd 8
4 dynarray.c:93 0x9e20355 8
4 dynarray.c:94 0x9e202fd 12
1 dynarray.c:61 0x9e202fd 12
2 dynarray.c:73 0x9e20355 8
1 token.c:61 0x9e203cd 8
1 token.c:71 0x9e20315 7
1 token.c:61 0x9e203b5 8
1 token.c:71 0x9e20345 4
1 token.c:61 0x9e2032d 8
1 token.c:71 0x9e203e5 4
3 dynarray.c:165 0x9e2000d 0x9e20355 8 16
1 command.c:230 0x9e20435 16
4 command.c:256 0x9e20435 16
4 token.c:231 0x9e203e5 4
4 token.c:232 0x9e2032d 8
4 token.c:231 0x9e20345 4
4 token.c:232 0x9e203b5 8
4 token.c:231 0x9e20315 7
4 token.c:232 0x9e203cd 8
4 dynarray.c:93 0x9e2000d 16
4 dynarray.c:94 0x9e202fd 12
1 dynarray.c:61 0x9e202fd 12
2 dynarray.c:73 0x9e203cd 8
1 token.c:61 0x9e20315 8
1 token.c:71 0x9e203b5 9
1 command.c:230 0x9e2032d 8
4 command.c:256 0x9e2032d 8
4 token.c:231 0x9e203b5 9
4 token.c:232 0x9e20315 8
4 dynarray.c:93 0x9e203cd 8
4 dynarray.c:94 0x9e202fd 12
1 dynarray.c:61 0x9e202fd 12
2 dynarray.c:73 0x9e203cd 8
1 token.c:61 0x9e20315 8
1 token.c:71 0x9e203b5 9
1 token.c:61 0x9e2032d 8
1 token.c:71 0x9e20345 4
1 command.c:230 0x9e20535 12
4 command.c:256 0x9e20535 12
4 token.c:231 0x9e20345 4
4 token.c:232 0x9e2032d 8
4 token.c:231 0x9e203b5 9
4 token.c:232 0x9e20315 8
4 dynarray.c:93 0x9e203cd 8
4 dynarray.c:94 0x9e202fd 12
1 dynarray.c:61 0x9e202fd 12
2 dynarray.c:73 0x9e203cd 8
1 token.c:61 0x9e20315 8
1 token.c:71 0x9e203b5 9
1 token.c:61 0x9e2032d 8
1 token.c:71 0x9e20345 4
1 command.c:230 0x9e20535 12
4 command.c:256 0x9e20535 12
4 token.c:231 0x9e20345 4
4 token.c:232 0x9e2032d 8
4 token.c:231 0x9e203b5 9
4 token.c:232 0x9e20315 8
4 dynarray.c:93 0x9e203cd 8
4 dynarray.c:94 0x9e202fd 12
1 dynarray.c:61 0x9e202fd 12
2 dynarray.c:73 0x9e203cd 8
1 token.c:61 0x9e20315 8
1 token.c:71 0x9e203b5 9
1 command.c:230 0x9e2032d 8
4 command.c:256 0x9e2032d 8
4 token.c:231 0x9e203b5 9
4 token.c:232 0x9e20315 8
4 dynarray.c:93 0x9e203cd 8
4 dynarray.c:94 0x9e202fd 12
1 dynarray.c:61 0x9e202fd 12
2 dynarray.c:73 0x9e203cd 8
1 token.c:61 0x9e20315 8
1 token.c:71 0x9e203b5 9
1 token.c:61 0x9e2032d 8
1 token.c:71 0x9e20345 4
1 command.c:230 0x9e20535 12
4 command.c:256 0x9e20535 12
4 token.c:231 0x9e20345 4
4 token.c:232 0x9e2032d 8
4 token.c:231 0x9e203b5 9
4 token.c:232 0x9e20315 8
4 dynarray.c:93 0x9e203cd 8
4 dynarray.c:94 0x9e202fd 12
1 dynarray.c:61 0x9e202fd 12
2 dynarray.c:73 0x9e203cd 8
4 dynarray.c:93 0x9e203cd 8
4 dynarray.c:94 0x9e202fd 12
1 dynarray.c:61 0x9e202fd 12
2 dynarray.c:73 0x9e203cd 8
1 token.c:61 0x9e20315 8
1 token.c:71 0x9e20345 5
1 token.c:61 0x9e203b5 8
1 token.c:71 0x9e2000d 18
1 command.c:230 0x9e2032d 12
4 command.c:256 0x9e2032d 12
4 token.c:231 0x9e2000d 18
4 token.c:232 0x9e203b5 8
4 token.c:231 0x9e20345 5
4 token.c:232 0x9e20315 8
4 dynarray.c:93 0x9e203cd 8
4 dynarray.c:94 0x9e202fd 12
1 dynarray.c:61 0x9e202fd 12
2 dynarray.c:73 0x9e203cd 8
1 token.c:61 0x9e20315 8
1 token.c:71 0x9e20345 3
1 token.c:61 0x9e203b5 8
1 token.c:71 0x9e203e5 2
1 token.c:61 0x9e2032d 8
1 token.c:71 0x9e20405 5
3 dynarray.c:165 0x9e2000d 0x9e203cd 8 16
1 command.c:230 0x9e203cd 8
4 command.c:256 0x9e203cd 8
4 token.c:231 0x9e20405 5
4 token.c:232 0x9e2032d 8
4 token.c:231 0x9e203e5 2
4 token.c:232 0x9e203b5 8
4 token.c:231 0x9e20345 3
4 token.c:232 0x9e20315 8
4 dynarray.c:93 0x9e2000d 16
4 dynarray.c:94 0x9e202fd 12
1 dynarray.c:61 0x9e202fd 12
2 dynarray.c:73 0x9e20315 8
1 token.c:61 0x9e203b5 8
1 token.c:71 0x9e20345 4
1 token.c:61 0x9e2032d 8
1 token.c:71 0x9e203e5 5
1 command.c:230 0x9e203cd 12
4 command.c:256 0x9e203cd 12
4 token.c:231 0x9e203e5 5
4 token.c:232 0x9e2032d 8
4 token.c:231 0x9e20345 4
4 token.c:232 0x9e203b5 8
4 dynarray.c:93 0x9e20315 8
4 dynarray.c:94 0x9e202fd 12
1 dynarray.c:61 0x9e202fd 12
2 dynarray.c:73 0x9e20315 8
1 token.c:61 0x9e203b5 8
1 token.c:71 0x9e20345 4
1 token.c:61 0x9e2032d 8
1 token.c:71 0x9e203e5 2
1 token.c:61 0x9e203cd 8
1 token.c:71 0x9e20405 5
3 dynarray.c:165 0x9e2000d 0x9e20315 8 16
1 command.c:230 0x9e20315 8
4 command.c:256 0x9e20315 8
4 token.c:231 0x9e20405 5
4 token.c:232 0x9e203cd 8
4 token.c:231 0x9e203e5 2
4 token.c:232 0x9e2032d 8
4 token.c:231 0x9e20345 4
4 token.c:232 0x9e203b5 8
4 dynarray.c:93 0x9e2000d 16
4 dynarray.c:94 0x9e202fd 12
1 dynarray.c:61 0x9e202fd 12
2 dynarray.c:73 0x9e203b5 8
1 token.c:61 0x9e2032d 8
1 token.c:71 0x9e20345 4
1 token.c:61 0x9e203cd 8
1 token.c:71 0x9e203e5 2
1 token.c:61 0x9e20315 8
1 token.c:71 0x9e20405 5
3 dynarray.c:165 0x9e2000d 0x9e203b5 8 16
1 token.c:61 0x9e203b5 8
1 token.c:71 0x9e2054d 2
1 token.c:61 0x9e20535 8
1 token.c:71 0x9e2055d 6
3 dynarray.c:165 0x9e2036d 0x9e2000d 16 32
1 command.c:230 0x9e2056d 8
4 command.c:256 0x9e2056d 8
4 token.c:231 0x9e2055d 6
4 token.c:232 0x9e20535 8
4 token.c:231 0x9e2054d 2
4 token.c:232 0x9e203b5 8
4 token.c:231 0x9e20405 5
4 token.c:232 0x9e20315 8
4 token.c:231 0x9e203e5 2
4 token.c:232 0x9e203cd 8
4 token.c:231 0x9e20345 4
4 token.c:232 0x9e2032d 8
4 dynarray.c:93 0x9e2036d 32
4 dynarray.c:94 0x9e202fd 12
1 dynarray.c:61 0x9e202fd 12
2 dynarray.c:73 0x9e2032d 8
1 token.c:61 0x9e203cd 8
1 token.c:71 0x9e20345 4
1 token.c:61 0x9e20315 8
1 token.c:71 0x9e203e5 6
1 command.c:230 0x9e203b5 12
4 command.c:256 0x9e203b5 12
4 token.c:231 0x9e203e5 6
4 token.c:232 0x9e20315 8
4 token.c:231 0x9e20345 4
4 token.c:232 0x9e203cd 8
4 dynarray.c:93 0x9e2032d 8
4 dynarray.c:94 0x9e202fd 12
1 dynarray.c:61 0x9e202fd 12
2 dynarray.c:73 0x9e2032d 8
1 token.c:61 0x9e203cd 8
1 token.c:71 0x9e20345 4
1 token.c:61 0x9e20315 8
1 token.c:71 0x9e203e5 2
1 token.c:61 0x9e203b5 8
1 token.c:71 0x9e20405 6
3 dynarray.c:165 0x9e2000d 0x9e2032d 8 16
1 token.c:61 0x9e2032d 8
1 token.c:71 0x9e2054d 2
1 token.c:61 0x9e20535 8
1 token.c:71 0x9e2055d 6
3 dynarray.c:165 0x9e2036d 0x9e2000d 16 32
1 command.c:230 0x9e2056d 8
4 command.c:256 0x9e2056d 8
4 token.c:231 0x9e2055d 6
4 token.c:232 0x9e20535 8
4 token.c:231 0x9e2054d 2
4 token.c:232 0x9e2032d 8
4 token.c:231 0x9e20405 6
4 token.c:232 0x9e203b5 8
4 token.c:231 0x9e203e5 2
4 token.c:232 0x9e20315 8
4 token.c:231 0x9e20345 4
4 token.c:232 0x9e203cd 8
4 dynarray.c:93 0x9e2036d 32
4 dynarray.c:94 0x9e202fd 12
1 dynarray.c:61 0x9e202fd 12
2 dynarray.c:73 0x9e203cd 8
1 token.c:61 0x9e20315 8
1 token.c:71 0x9e20345 4
1 token.c:61 0x9e203b5 8
1 token.c:71 0x9e203e5 6
1 command.c:230 0x9e2032d 12
4 command.c:256 0x9e2032d 12
4 token.c:231 0x9e203e5 6
4 token.c:232 0x9e203b5 8
4 token.c:231 0x9e20345 4
4 token.c:232 0x9e20315 8
4 dynarray.c:93 0x9e203cd 8
4 dynarray.c:94 0x9e202fd 12
1 dynarray.c:61 0x9e202fd 12
2 dynarray.c:73 0x9e203cd 8
1 token.c:61 0x9e20315 8
1 token.c:71 0x9e20345 4
1 token.c:61 0x9e203b5 8
1 token.c:71 0x9e203e5 6
1 token.c:61 0x9e2032d 8
1 token.c:71 0x9e20405 2
3 dynarray.c:165 0x9e2000d 0x9e203cd 8 16
1 token.c:61 0x9e203cd 8
1 token.c:71 0x9e2054d 6
1 token.c:61 0x9e20535 8
1 token.c:71 0x9e2055d 6
3 dynarray.c:165 0x9e2036d 0x9e2000d 16 32
1 command.c:230 0x9e2000d 16
4 command.c:256 0x9e2000d 16
4 token.c:231 0x9e2055d 6
4 token.c:232 0x9e20535 8
4 token.c:231 0x9e2054d 6
4 token.c:232 0x9e203cd 8
4 token.c:231 0x9e20405 2
4 token.c:232 0x9e2032d 8
4 token.c:231 0x9e203e5 6
4 token.c:232 0x9e203b5 8
4 token.c:231 0x9e20345 4
4 token.c:232 0x9e20315 8
4 dynarray.c:93 0x9e2036d 32
4 dynarray.c:94 0x9e202fd 12
1 dynarray.c:61 0x9e202fd 12
2 dynarray.c:73 0x9e20315 8
1 token.c:61 0x9e203b5 8
1 token.c:71 0x9e20345 4
1 token.c:61 0x9e2032d 8
1 token.c:71 0x9e203e5 6
1 command.c:230 0x9e203cd 12
4 command.c:256 0x9e203cd 12
4 token.c:231 0x9e203e5 6
4 token.c:232 0x9e2032d 8
4 token.c:231 0x9e20345 4
4 token.c:232 0x9e203b5 8
4 dynarray.c:93 0x9e20315 8
4 dynarray.c:94 0x9e202fd 12
1 dynarray.c:61 0x9e202fd 12
2 dynarray.c:73 0x9e20315 8
1 token.c:61 0x9e203b5 8
1 token.c:71 0x9e20345 3
1 token.c:61 0x9e2032d 8
1 token.c:71 0x9e203e5 5
1 token.c:61 0x9e203cd 8
1 token.c:71 0x9e20405 6
3 dynarray.c:165 0x9e2000d 0x9e20315 8 16
1 token.c:61 0x9e20315 8
1 token.c:71 0x9e2054d 6
1 token.c:61 0x9e20535 8
1 token.c:71 0x9e2055d 6
3 dynarray.c:165 0x9e2036d 0x9e2000d 16 32
3 dynarray.c:165 0x9e20585 0x9e20415 16 32
1 command.c:230 0x9e205b5 24
4 command.c:256 0x9e205b5 24
4 token.c:231 0x9e2055d 6
4 token.c:232 0x9e20535 8
4 token.c:231 0x9e2054d 6
4 token.c:232 0x9e20315 8
4 token.c:231 0x9e20405 6
4 token.c:232 0x9e203cd 8
4 token.c:231 0x9e203e5 5
4 token.c:232 0x9e2032d 8
4 token.c:231 0x9e20345 3
4 token.c:232 0x9e203b5 8
4 dynarray.c:93 0x9e2036d 32
4 dynarray.c:94 0x9e202fd 12
1 dynarray.c:61 0x9e202fd 12
2 dynarray.c:73 0x9e203b5 8
4 dynarray.c:93 0x9e203b5 8
4 dynarray.c:94 0x9e202fd 12
1 dynarray.c:61 0x9e202fd 12
2 dynarray.c:73 0x9e203b5 8
1 token.c:61 0x9e2032d 8
1 token.c:71 0x9e20345 5
1 token.c:61 0x9e203cd 8
1 token.c:71 0x9e205b5 25
1 command.c:230 0x9e20315 12
4 command.c:256 0x9e20315 12
4 token.c:231 0x9e205b5 25
4 token.c:232 0x9e203cd 8
4 token.c:231 0x9e20345 5
4 token.c:232 0x9e2032d 8
4 dynarray.c:93 0x9e203b5 8
4 dynarray.c:94 0x9e202fd 12
1 dynarray.c:61 0x9e202fd 12
2 dynarray.c:73 0x9e203b5 8
1 token.c:61 0x9e2032d 8
1 token.c:71 0x9e20345 5
4 token.c:231 0x9e20345 5
4 token.c:232 0x9e2032d 8
4 dynarray.c:93 0x9e203b5 8
4 dynarray.c:94 0x9e202fd 12
1 dynarray.c:61 0x9e202fd 12
2 dynarray.c:73 0x9e203b5 8
1 token.c:61 0x9e2032d 8
1 token.c:71 0x9e20345 3
1 token.c:61 0x9e203cd 8
1 token.c:71 0x9e203e5 5
1 token.c:61 0x9e20315 8
1 token.c:71 0x9e20405 5
3 dynarray.c:165 0x9e20415 0x9e203b5 8 16
4 token.c:231 0x9e20405 5
4 token.c:232 0x9e20315 8
4 token.c:231 0x9e203e5 5
4 token.c:232 0x9e203cd 8
4 token.c:231 0x9e20345 3
4 token.c:232 0x9e2032d 8
4 dynarray.c:93 0x9e20415 16
4 dynarray.c:94 0x9e202fd 12
1 dynarray.c:61 0x9e202fd 12
2 dynarray.c:73 0x9e2032d 8
1 token.c:61 0x9e203cd 8
1 token.c:71 0x9e20315 7
4 token.c:231 0x9e20315 7
4 token.c:232 0x9e203cd 8
4 dynarray.c:93 0x9e2032d 8
4 dynarray.c:94 0x9e202fd 12
1 dynarray.c:61 0x9e202fd 12
2 dynarray.c:73 0x9e2032d 8
1 token.c:61 0x9e203cd 8
1 token.c:71 0x9e20315 9
4 token.c:231 0x9e20315 9
4 token.c:232 0x9e203cd 8
4 dynarray.c:93 0x9e2032d 8
4 dynarray.c:94 0x9e202fd 12
1 dynarray.c:61 0x9e202fd 12
2 dynarray.c:73 0x9e2032d 8
1 token.c:61 0x9e203cd 8
1 token.c:71 0x9e20345 5
1 token.c:61 0x9e20315 8
1 token.c:71 0x9e203e5 4
1 token.c:61 0x9e203b5 8
1 token.c:71 0x9e20405 2
3 dynarray.c:165 0x9e20415 0x9e2032d 8 16
4 token.c:231 0x9e20405 2
4 token.c:232 0x9e203b5 8
4 token.c:231 0x9e203e5 4
4 token.c:232 0x9e20315 8
4 token.c:231 0x9e20345 5
4 token.c:232 0x9e203cd 8
4 dynarray.c:93 0x9e20415 16
4 dynarray.c:94 0x9e202fd 12
1 dynarray.c:61 0x9e202fd 12
2 dynarray.c:73 0x9e203cd 8
1 token.c:61 0x9e20315 8
1 token.c:71 0x9e20345 5
1 token.c:61 0x9e203b5 8
1 token.c:71 0x9e203e5 4
1 token.c:61 0x9e2032d 8
1 token.c:71 0x9e20405 2
3 dynarray.c:165 0x9e20415 0x9e203cd 8 16
1 token.c:61 0x9e203cd 8
1 token.c:71 0x9e2054d 6
1 token.c:61 0x9e20535 8
1 token.c:71 0x9e2055d 2
3 dynarray.c:165 0x9e2036d 0x9e20415 16 32
1 token.c:61 0x9e2056d 8
1 token.c:71 0x9e205dd 6
4 token.c:231 0x9e205dd 6
4 token.c:232 0x9e2056d 8
4 token.c:231 0x9e2055d 2
4 token.c:232 0x9e20535 8
4 token.c:231 0x9e2054d 6
4 token.c:232 0x9e203cd 8
4 token.c:231 0x9e20405 2
4 token.c:232 0x9e2032d 8
4 token.c:231 0x9e203e5 4
4 token.c:232 0x9e203b5 8
4 token.c:231 0x9e20345 5
4 token.c:232 0x9e20315 8
4 dynarray.c:93 0x9e2036d 32
4 dynarray.c:94 0x9e202fd 12
1 dynarray.c:61 0x9e202fd 12
2 dynarray.c:73 0x9e20315 8
1 token.c:61 0x9e203b5 8
1 token.c:71 0x9e20345 4
1 token.c:61 0x9e2032d 8
1 token.c:71 0x9e203e5 2
1 token.c:61 0x9e203cd 8
1 token.c:71 0x9e20535 11
3 dynarray.c:165 0x9e20415 0x9e20315 8 16
1 command.c:230 0x9e20315 8
4 command.c:256 0x9e20315 8
4 token.c:231 0x9e20535 11
4 token.c:232 0x9e203cd 8
4 token.c:231 0x9e203e5 2
4 token.c:232 0x9e2032d 8
4 token.c:231 0x9e20345 4
4 token.c:232 0x9e203b5 8
4 dynarray.c:93 0x9e20415 16
4 dynarray.c:94 0x9e202fd 12
1 dynarray.c:61 0x9e202fd 12
2 dynarray.c:73 0x9e203b5 8
1 token.c:61 0x9e2032d 8
1 token.c:71 0x9e203cd 14
1 command.c:230 0x9e20535 8
4 command.c:256 0x9e20535 8
4 token.c:231 0x9e203cd 14
4 token.c:232 0x9e2032d 8
4 dynarray.c:93 0x9e203b5 8
4 dynarray.c:94 0x9e202fd 12
1 dynarray.c:61 0x9e202fd 12
2 dynarray.c:73 0x9e203b5 8
4 dynarray.c:93 0x9e203b5 8
4 dynarray.c:94 0x9e202fd 12
1 dynarray.c:61 0x9e202fd 12
2 dynarray.c:73 0x9e203b5 8
1 token.c:61 0x9e2032d 8
1 token.c:71 0x9e20345 5
1 token.c:61 0x9e203cd 8
1 token.c:71 0x9e205b5 23
1 command.c:230 0x9e20535 12
4 command.c:256 0x9e20535 12
4 token.c:231 0x9e205b5 23
4 token.c:232 0x9e203cd 8
4 token.c:231 0x9e20345 5
4 token.c:232 0x9e2032d 8
4 dynarray.c:93 0x9e203b5 8
4 dynarray.c:94 0x9e202fd 12
1 dynarray.c:61 0x9e202fd 12
2 dynarray.c:73 0x9e203b5 8
1 token.c:61 0x9e2032d 8
1 token.c:71 0x9e20345 5
1 token.c:61 0x9e203cd 8
1 token.c:71 0x9e203e5 4
1 token.c:61 0x9e20535 8
1 token.c:71 0x9e20405 4
3 dynarray.c:165 0x9e20415 0x9e203b5 8 16
1 token.c:61 0x9e203b5 8
1 token.c:71 0x9e2054d 5
1 command.c:230 0x9e2000d 20
4 command.c:256 0x9e2000d 20
4 token.c:231 0x9e2054d 5
4 token.c:232 0x9e203b5 8
4 token.c:231 0x9e20405 4
4 token.c:232 0x9e20535 8
4 token.c:231 0x9e203e5 4
4 token.c:232 0x9e203cd 8
4 token.c:231 0x9e20345 5
4 token.c:232 0x9e2032d 8
4 dynarray.c:93 0x9e20415 16
4 dynarray.c:94 0x9e202fd 12
1 dynarray.c:61 0x9e202fd 12
2 dynarray.c:73 0x9e2032d 8
1 token.c:61 0x9e203cd 8
1 token.c:71 0x9e20345 5
1 token.c:61 0x9e20535 8
1 token.c:71 0x9e203e5 4
1 token.c:61 0x9e203b5 8
1 token.c:71 0x9e20405 2
3 dynarray.c:165 0x9e20415 0x9e2032d 8 16
1 token.c:61 0x9e2032d 8
1 token.c:71 0x9e2054d 4
1 command.c:230 0x9e20315 12
4 command.c:256 0x9e20315 12
4 token.c:231 0x9e2054d 4
4 token.c:232 0x9e2032d 8
4 token.c:231 0x9e20405 2
4 token.c:232 0x9e203b5 8
4 token.c:231 0x9e203e5 4
4 token.c:232 0x9e20535 8
4 token.c:231 0x9e20345 5
4 token.c:232 0x9e203cd 8
4 dynarray.c:93 0x9e20415 16
4 dynarray.c:94 0x9e202fd 12
1 dynarray.c:61 0x9e202fd 12
2 dynarray.c:73 0x9e203cd 8
1 token.c:61 0x9e20535 8
1 token.c:71 0x9e20345 4
1 token.c:61 0x9e203b5 8
1 token.c:71 0x9e203e5 4
1 command.c:230 0x9e2032d 12
4 command.c:256 0x9e2032d 12
4 token.c:231 0x9e203e5 4
4 token.c:232 0x9e203b5 8
4 token.c:231 0x9e20345 4
4 token.c:232 0x9e20535 8
4 dynarray.c:93 0x9e203cd 8
4 dynarray.c:94 0x9e202fd 12
1 dynarray.c:61 0x9e202fd 12
2 dynarray.c:73 0x9e203cd 8
1 token.c:61 0x9e20535 8
1 token.c:71 0x9e20345 3
1 token.c:61 0x9e203b5 8
1 token.c:71 0x9e203e5 4
1 command.c:230 0x9e2032d 12
4 command.c:256 0x9e2032d 12
4 token.c:231 0x9e203e5 4
4 token.c:232 0x9e203b5 8
4 token.c:231 0x9e20345 3
4 token.c:232 0x9e20535 8
4 dynarray.c:93 0x9e203cd 8
4 dynarray.c:94 0x9e202fd 12
1 dynarray.c:61 0x9e202fd 12
2 dynarray.c:73 0x9e203cd 8
1 token.c:61 0x9e20535 8
1 token.c:71 0x9e20345 3
1 command.c:230 0x9e203b5 8
4 command.c:256 0x9e203b5 8
4 token.c:231 0x9e20345 3
4 token.c:232 0x9e20535 8
4 dynarray.c:93 0x9e203cd 8
4 dynarray.c:94 0x9e202fd 12
1 dynarray.c:61 0x9e202fd 12
2 dynarray.c:73 0x9e203cd 8
1 token.c:61 0x9e20535 8
1 token.c:71 0x9e20345 3
1 token.c:61 0x9e203b5 8
1 token.c:71 0x9e2032d 7
1 command.c:230 0x9e20315 12
4 command.c:256 0x9e20315 12
4 token.c:231 0x9e2032d 7
4 token.c:232 0x9e203b5 8
4 token.c:231 0x9e20345 3
4 token.c:232 0x9e20535 8
4 dynarray.c:93 0x9e203cd 8
4 dynarray.c:94 0x9e202fd 12
1 dynarray.c:61 0x9e202fd 12
2 dynarray.c:73 0x9e203cd 8
1 token.c:61 0x9e20535 8
1 token.c:71 0x9e20345 3
1 command.c:230 0x9e203b5 8
4 command.c:256 0x9e203b5 8
4 token.c:231 0x9e20345 3
4 token.c:232 0x9e20535 8
4 dynarray.c:93 0x9e203cd 8
4 dynarray.c:94 0x9e202fd 12
1 dynarray.c:61 0x9e202fd 12
2 dynarray.c:73 0x9e203cd 8
1 token.c:61 0x9e20535 8
1 token.c:71 0x9e20345 3
1 command.c:230 0x9e203b5 8
4 command.c:256 0x9e203b5 8
4 token.c:231 0x9e20345 3
4 token.c:232 0x9e20535 8
4 dynarray.c:93 0x9e203cd 8
4 dynarray.c:94 0x9e202fd 12
1 dynarray.c:61 0x9e202fd 12
2 dynarray.c:73 0x9e203cd 8
1 token.c:61 0x9e20535 8
1 token.c:71 0x9e20345 3
1 token.c:61 0x9e203b5 8
1 token.c:71 0x9e203e5 3
1 command.c:230 0x9e2032d 12
4 command.c:256 0x9e2032d 12
4 token.c:231 0x9e203e5 3
4 token.c:232 0x9e203b5 8
4 token.c:231 0x9e20345 3
4 token.c:232 0x9e20535 8
4 dynarray.c:93 0x9e203cd 8
4 dynarray.c:94 0x9e202fd 12
1 dynarray.c:61 0x9e202fd 12
2 dynarray.c:73 0x9e203cd 8
1 token.c:61 0x9e20535 8
1 token.c:71 0x9e20345 5
4 token.c:231 0x9e20345 5
4 token.c:232 0x9e20535 8
4 dynarray.c:93 0x9e203cd 8
4 dynarray.c:94 0x9e202fd 12
4 dynarray.c:93 0x9e20585 32
4 dynarray.c:94 0x9e2039d 12
