1 ish.c:220 0x890f00d 15
4 ish.c:236 0x890f00d 15
1 dynarray.c:61 0x890f2fd 12
2 dynarray.c:73 0x890f315 8
1 token.c:61 0x890f32d 8
1 token.c:71 0x890f345 5
1 token.c:61 0x890f355 8
1 token.c:71 0x890f36d 33
1 dynarray.c:61 0x890f39d 12
2 dynarray.c:73 0x890f3b5 8
1 command.c:230 0x890f3cd 12
4 command.c:256 0x890f3cd 12
4 token.c:231 0x890f36d 33
4 token.c:232 0x890f355 8
4 token.c:231 0x890f345 5
4 token.c:232 0x890f32d 8
4 dynarray.c:93 0x890f315 8
4 dynarray.c:94 0x890f2fd 12
1 dynarray.c:61 0x890f2fd 12
2 dynarray.c:73 0x890f315 8
1 token.c:61 0x890f32d 8
1 token.c:71 0x890f355 10
1 command.c:230 0x890f3cd 8
4 command.c:256 0x890f3cd 8
4 token.c:231 0x890f355 10
4 token.c:232 0x890f32d 8
4 dynarray.c:93 0x890f315 8
4 dynarray.c:94 0x890f2fd 12
1 dynarray.c:61 0x890f2fd 12
2 dynarray.c:73 0x890f315 8
1 token.c:61 0x890f32d 8
1 token.c:71 0x890f345 5
1 command.c:230 0x890f355 8
4 command.c:256 0x890f355 8
4 token.c:231 0x890f345 5
4 token.c:232 0x890f32d 8
4 dynarray.c:93 0x890f315 8
4 dynarray.c:94 0x890f2fd 12
1 dynarray.c:61 0x890f2fd 12
2 dynarray.c:73 0x890f315 8
1 token.c:61 0x890f32d 8
1 token.c:71 0x890f345 4
1 command.c:230 0x890f355 8
4 command.c:256 0x890f355 8
4 token.c:231 0x890f345 4
4 token.c:232 0x890f32d 8
4 dynarray.c:93 0x890f315 8
4 dynarray.c:94 0x890f2fd 12
1 dynarray.c:61 0x890f2fd 12
2 dynarray.c:73 0x890f315 8
1 token.c:61 0x890f32d 8
1 token.c:71 0x890f345 3
1 command.c:230 0x890f355 8
4 command.c:256 0x890f355 8
4 token.c:231 0x890f345 3
4 token.c:232 0x890f32d 8
4 dynarray.c:93 0x890f315 8
4 dynarray.c:94 0x890f2fd 12
1 dynarray.c:61 0x890f2fd 12
2 dynarray.c:73 0x890f315 8
1 token.c:61 0x890f32d 8
1 token.c:71 0x890f345 3
1 token.c:61 0x890f355 8
1 token.c:71 0x890f3e5 4
1 command.c:230 0x890f3cd 12
4 command.c:256 0x890f3cd 12
4 token.c:231 0x890f3e5 4
4 token.c:232 0x890f355 8
4 token.c:231 0x890f345 3
4 token.c:232 0x890f32d 8
4 dynarray.c:93 0x890f315 8
4 dynarray.c:94 0x890f2fd 12
1 dynarray.c:61 0x890f2fd 12
2 dynarray.c:73 0x890f315 8
1 token.c:61 0x890f32d 8
1 token.c:71 0x890f345 5
1 command.c:230 0x890f355 8
4 command.c:256 0x890f355 8
4 token.c:231 0x890f345 5
4 token.c:232 0x890f32d 8
4 dynarray.c:93 0x890f315 8
4 dynarray.c:94 0x890f2fd 12
1 dynarray.c:61 0x890f2fd 12
2 dynarray.c:73 0x890f315 8
1 token.c:61 0x890f32d 8
1 token.c:71 0x890f345 5
1 token.c:61 0x890f355 8
1 token.c:71 0x890f3e5 4
1 token.c:61 0x890f3cd 8
1 token.c:71 0x890f3f5 4
3 dynarray.c:165 0x890f00d 0x890f315 8 16
1 token.c:61 0x890f315 8
1 token.c:71 0x890f405 6
3 dynarray.c:165 0x890f415 0x890f3b5 8 16
1 command.c:230 0x890f435 20
4 command.c:256 0x890f435 20
4 token.c:231 0x890f405 6
4 token.c:232 0x890f315 8
4 token.c:231 0x890f3f5 4
4 token.c:232 0x890f3cd 8
4 token.c:231 0x890f3e5 4
4 token.c:232 0x890f355 8
4 token.c:231 0x890f345 5
4 token.c:232 0x890f32d 8
4 dynarray.c:93 0x890f00d 16
4 dynarray.c:94 0x890f2fd 12
1 dynarray.c:61 0x890f2fd 12
2 dynarray.c:73 0x890f32d 8
1 token.c:61 0x890f355 8
1 token.c:71 0x890f345 5
1 token.c:61 0x890f3cd 8
1 token.c:71 0x890f3e5 4
1 token.c:61 0x890f315 8
1 token.c:71 0x890f3b5 14
3 dynarray.c:165 0x890f00d 0x890f32d 8 16
1 token.c:61 0x890f32d 8
1 token.c:71 0x890f3f5 5
1 command.c:230 0x890f435 20
4 command.c:256 0x890f435 20
4 token.c:231 0x890f3f5 5
4 token.c:232 0x890f32d 8
4 token.c:231 0x890f3b5 14
4 token.c:232 0x890f315 8
4 token.c:231 0x890f3e5 4
4 token.c:232 0x890f3cd 8
4 token.c:231 0x890f345 5
4 token.c:232 0x890f355 8
4 dynarray.c:93 0x890f00d 16
4 dynarray.c:94 0x890f2fd 12
1 dynarray.c:61 0x890f2fd 12
2 dynarray.c:73 0x890f355 8
1 token.c:61 0x890f3cd 8
1 token.c:71 0x890f315 9
1 command.c:230 0x890f3b5 8
4 command.c:256 0x890f3b5 8
4 token.c:231 0x890f315 9
4 token.c:232 0x890f3cd 8
4 dynarray.c:93 0x890f355 8
4 dynarray.c:94 0x890f2fd 12
1 dynarray.c:61 0x890f2fd 12
2 dynarray.c:73 0x890f355 8
1 token.c:61 0x890f3cd 8
1 token.c:71 0x890f315 9
1 token.c:61 0x890f3b5 8
1 token.c:71 0x890f345 5
1 command.c:230 0x890f32d 12
4 command.c:256 0x890f32d 12
4 token.c:231 0x890f345 5
4 token.c:232 0x890f3b5 8
4 token.c:231 0x890f315 9
4 token.c:232 0x890f3cd 8
4 dynarray.c:93 0x890f355 8
4 dynarray.c:94 0x890f2fd 12
1 dynarray.c:61 0x890f2fd 12
2 dynarray.c:73 0x890f355 8
1 token.c:61 0x890f3cd 8
1 token.c:71 0x890f315 9
1 token.c:61 0x890f3b5 8
1 token.c:71 0x890f345 5
1 command.c:230 0x890f32d 12
4 command.c:256 0x890f32d 12
4 token.c:231 0x890f345 5
4 token.c:232 0x890f3b5 8
4 token.c:231 0x890f315 9
4 token.c:232 0x890f3cd 8
4 dynarray.c:93 0x890f355 8
4 dynarray.c:94 0x890f2fd 12
1 dynarray.c:61 0x890f2fd 12
2 dynarray.c:73 0x890f355 8
4 dynarray.c:93 0x890f355 8
4 dynarray.c:94 0x890f2fd 12
1 dynarray.c:61 0x890f2fd 12
2 dynarray.c:73 0x890f355 8
1 token.c:61 0x890f3cd 8
1 token.c:71 0x890f345 5
1 token.c:61 0x890f315 8
1 token.c:71 0x890f455 52
1 command.c:230 0x890f3b5 12
4 command.c:256 0x890f3b5 12
4 token.c:231 0x890f455 52
4 token.c:232 0x890f315 8
4 token.c:231 0x890f345 5
4 token.c:232 0x890f3cd 8
4 dynarray.c:93 0x890f355 8
4 dynarray.c:94 0x890f2fd 12
1 dynarray.c:61 0x890f2fd 12
2 dynarray.c:73 0x890f355 8
1 token.c:61 0x890f3cd 8
1 token.c:71 0x890f345 3
1 token.c:61 0x890f315 8
1 token.c:71 0x890f3e5 5
1 command.c:230 0x890f3b5 12
4 command.c:256 0x890f3b5 12
4 token.c:231 0x890f3e5 5
4 token.c:232 0x890f315 8
4 token.c:231 0x890f345 3
4 token.c:232 0x890f3cd 8
4 dynarray.c:93 0x890f355 8
4 dynarray.c:94 0x890f2fd 12
1 dynarray.c:61 0x890f2fd 12
2 dynarray.c:73 0x890f355 8
1 token.c:61 0x890f3cd 8
1 token.c:71 0x890f345 4
1 command.c:230 0x890f315 8
4 command.c:256 0x890f315 8
4 token.c:231 0x890f345 4
4 token.c:232 0x890f3cd 8
4 dynarray.c:93 0x890f355 8
4 dynarray.c:94 0x890f2fd 12
1 dynarray.c:61 0x890f2fd 12
2 dynarray.c:73 0x890f355 8
1 token.c:61 0x890f3cd 8
1 token.c:71 0x890f345 3
1 token.c:61 0x890f315 8
1 token.c:71 0x890f3e5 4
1 command.c:230 0x890f3b5 12
4 command.c:256 0x890f3b5 12
4 token.c:231 0x890f3e5 4
4 token.c:232 0x890f315 8
4 token.c:231 0x890f345 3
4 token.c:232 0x890f3cd 8
4 dynarray.c:93 0x890f355 8
4 dynarray.c:94 0x890f2fd 12
1 dynarray.c:61 0x890f2fd 12
2 dynarray.c:73 0x890f355 8
1 token.c:61 0x890f3cd 8
1 token.c:71 0x890f345 4
1 command.c:230 0x890f315 8
4 command.c:256 0x890f315 8
4 token.c:231 0x890f345 4
4 token.c:232 0x890f3cd 8
4 dynarray.c:93 0x890f355 8
4 dynarray.c:94 0x890f2fd 12
1 dynarray.c:61 0x890f2fd 12
2 dynarray.c:73 0x890f355 8
1 token.c:61 0x890f3cd 8
1 token.c:71 0x890f345 3
4 token.c:231 0x890f345 3
4 token.c:232 0x890f3cd 8
4 dynarray.c:93 0x890f355 8
4 dynarray.c:94 0x890f2fd 12
1 dynarray.c:61 0x890f2fd 12
2 dynarray.c:73 0x890f355 8
1 token.c:61 0x890f3cd 8
1 token.c:71 0x890f345 4
1 command.c:230 0x890f315 8
4 command.c:256 0x890f315 8
4 token.c:231 0x890f345 4
4 token.c:232 0x890f3cd 8
4 dynarray.c:93 0x890f355 8
4 dynarray.c:94 0x890f2fd 12
1 dynarray.c:61 0x890f2fd 12
2 dynarray.c:73 0x890f355 8
1 token.c:61 0x890f3cd 8
1 token.c:71 0x890f315 7
1 token.c:61 0x890f3b5 8
1 token.c:71 0x890f345 4
1 token.c:61 0x890f32d 8
1 token.c:71 0x890f3e5 4
3 dynarray.c:165 0x890f00d 0x890f355 8 16
1 command.c:230 0x890f435 16
4 command.c:256 0x890f435 16
4 token.c:231 0x890f3e5 4
4 token.c:232 0x890f32d 8
4 token.c:231 0x890f345 4
4 token.c:232 0x890f3b5 8
4 token.c:231 0x890f315 7
4 token.c:232 0x890f3cd 8
4 dynarray.c:93 0x890f00d 16
4 dynarray.c:94 0x890f2fd 12
1 dynarray.c:61 0x890f2fd 12
2 dynarray.c:73 0x890f3cd 8
1 token.c:61 0x890f315 8
1 token.c:71 0x890f3b5 9
1 command.c:230 0x890f32d 8
4 command.c:256 0x890f32d 8
4 token.c:231 0x890f3b5 9
4 token.c:232 0x890f315 8
4 dynarray.c:93 0x890f3cd 8
4 dynarray.c:94 0x890f2fd 12
1 dynarray.c:61 0x890f2fd 12
2 dynarray.c:73 0x890f3cd 8
1 token.c:61 0x890f315 8
1 token.c:71 0x890f3b5 9
1 token.c:61 0x890f32d 8
1 token.c:71 0x890f345 4
1 command.c:230 0x890f535 12
4 command.c:256 0x890f535 12
4 token.c:231 0x890f345 4
4 token.c:232 0x890f32d 8
4 token.c:231 0x890f3b5 9
4 token.c:232 0x890f315 8
4 dynarray.c:93 0x890f3cd 8
4 dynarray.c:94 0x890f2fd 12
1 dynarray.c:61 0x890f2fd 12
2 dynarray.c:73 0x890f3cd 8
1 token.c:61 0x890f315 8
1 token.c:71 0x890f3b5 9
1 token.c:61 0x890f32d 8
1 token.c:71 0x890f345 4
1 command.c:230 0x890f535 12
4 command.c:256 0x890f535 12
4 token.c:231 0x890f345 4
4 token.c:232 0x890f32d 8
4 token.c:231 0x890f3b5 9
4 token.c:232 0x890f315 8
4 dynarray.c:93 0x890f3cd 8
4 dynarray.c:94 0x890f2fd 12
1 dynarray.c:61 0x890f2fd 12
2 dynarray.c:73 0x890f3cd 8
1 token.c:61 0x890f315 8
1 token.c:71 0x890f3b5 9
1 command.c:230 0x890f32d 8
4 command.c:256 0x890f32d 8
4 token.c:231 0x890f3b5 9
4 token.c:232 0x890f315 8
4 dynarray.c:93 0x890f3cd 8
4 dynarray.c:94 0x890f2fd 12
1 dynarray.c:61 0x890f2fd 12
2 dynarray.c:73 0x890f3cd 8
1 token.c:61 0x890f315 8
1 token.c:71 0x890f3b5 9
1 token.c:61 0x890f32d 8
1 token.c:71 0x890f345 4
1 command.c:230 0x890f535 12
4 command.c:256 0x890f535 12
4 token.c:231 0x890f345 4
4 token.c:232 0x890f32d 8
4 token.c:231 0x890f3b5 9
4 token.c:232 0x890f315 8
4 dynarray.c:93 0x890f3cd 8
4 dynarray.c:94 0x890f2fd 12
1 dynarray.c:61 0x890f2fd 12
2 dynarray.c:73 0x890f3cd 8
4 dynarray.c:93 0x890f3cd 8
4 dynarray.c:94 0x890f2fd 12
1 dynarray.c:61 0x890f2fd 12
2 dynarray.c:73 0x890f3cd 8
1 token.c:61 0x890f315 8
1 token.c:71 0x890f345 5
1 token.c:61 0x890f3b5 8
1 token.c:71 0x890f00d 18
1 command.c:230 0x890f32d 12
4 command.c:256 0x890f32d 12
4 token.c:231 0x890f00d 18
4 token.c:232 0x890f3b5 8
4 token.c:231 0x890f345 5
4 token.c:232 0x890f315 8
4 dynarray.c:93 0x890f3cd 8
4 dynarray.c:94 0x890f2fd 12
1 dynarray.c:61 0x890f2fd 12
2 dynarray.c:73 0x890f3cd 8
1 token.c:61 0x890f315 8
1 token.c:71 0x890f345 3
1 token.c:61 0x890f3b5 8
1 token.c:71 0x890f3e5 2
1 token.c:61 0x890f32d 8
1 token.c:71 0x890f405 5
3 dynarray.c:165 0x890f00d 0x890f3cd 8 16
1 command.c:230 0x890f3cd 8
4 command.c:256 0x890f3cd 8
4 token.c:231 0x890f405 5
4 token.c:232 0x890f32d 8
4 token.c:231 0x890f3e5 2
4 token.c:232 0x890f3b5 8
4 token.c:231 0x890f345 3
4 token.c:232 0x890f315 8
4 dynarray.c:93 0x890f00d 16
4 dynarray.c:94 0x890f2fd 12
1 dynarray.c:61 0x890f2fd 12
2 dynarray.c:73 0x890f315 8
1 token.c:61 0x890f3b5 8
1 token.c:71 0x890f345 4
1 token.c:61 0x890f32d 8
1 token.c:71 0x890f3e5 5
1 command.c:230 0x890f3cd 12
4 command.c:256 0x890f3cd 12
4 token.c:231 0x890f3e5 5
4 token.c:232 0x890f32d 8
4 token.c:231 0x890f345 4
4 token.c:232 0x890f3b5 8
4 dynarray.c:93 0x890f315 8
4 dynarray.c:94 0x890f2fd 12
1 dynarray.c:61 0x890f2fd 12
2 dynarray.c:73 0x890f315 8
1 token.c:61 0x890f3b5 8
1 token.c:71 0x890f345 4
1 token.c:61 0x890f32d 8
1 token.c:71 0x890f3e5 2
1 token.c:61 0x890f3cd 8
1 token.c:71 0x890f405 5
3 dynarray.c:165 0x890f00d 0x890f315 8 16
1 command.c:230 0x890f315 8
4 command.c:256 0x890f315 8
4 token.c:231 0x890f405 5
4 token.c:232 0x890f3cd 8
4 token.c:231 0x890f3e5 2
4 token.c:232 0x890f32d 8
4 token.c:231 0x890f345 4
4 token.c:232 0x890f3b5 8
4 dynarray.c:93 0x890f00d 16
4 dynarray.c:94 0x890f2fd 12
1 dynarray.c:61 0x890f2fd 12
2 dynarray.c:73 0x890f3b5 8
1 token.c:61 0x890f32d 8
1 token.c:71 0x890f345 4
1 token.c:61 0x890f3cd 8
1 token.c:71 0x890f3e5 2
1 token.c:61 0x890f315 8
1 token.c:71 0x890f405 5
3 dynarray.c:165 0x890f00d 0x890f3b5 8 16
1 token.c:61 0x890f3b5 8
1 token.c:71 0x890f54d 2
1 token.c:61 0x890f535 8
1 token.c:71 0x890f55d 6
3 dynarray.c:165 0x890f36d 0x890f00d 16 32
1 command.c:230 0x890f56d 8
4 command.c:256 0x890f56d 8
4 token.c:231 0x890f55d 6
4 token.c:232 0x890f535 8
4 token.c:231 0x890f54d 2
4 token.c:232 0x890f3b5 8
4 token.c:231 0x890f405 5
4 token.c:232 0x890f315 8
4 token.c:231 0x890f3e5 2
4 token.c:232 0x890f3cd 8
4 token.c:231 0x890f345 4
4 token.c:232 0x890f32d 8
4 dynarray.c:93 0x890f36d 32
4 dynarray.c:94 0x890f2fd 12
1 dynarray.c:61 0x890f2fd 12
2 dynarray.c:73 0x890f32d 8
1 token.c:61 0x890f3cd 8
1 token.c:71 0x890f345 4
1 token.c:61 0x890f315 8
1 token.c:71 0x890f3e5 6
1 command.c:230 0x890f3b5 12
4 command.c:256 0x890f3b5 12
4 token.c:231 0x890f3e5 6
4 token.c:232 0x890f315 8
4 token.c:231 0x890f345 4
4 token.c:232 0x890f3cd 8
4 dynarray.c:93 0x890f32d 8
4 dynarray.c:94 0x890f2fd 12
1 dynarray.c:61 0x890f2fd 12
2 dynarray.c:73 0x890f32d 8
1 token.c:61 0x890f3cd 8
1 token.c:71 0x890f345 4
1 token.c:61 0x890f315 8
1 token.c:71 0x890f3e5 2
1 token.c:61 0x890f3b5 8
1 token.c:71 0x890f405 6
3 dynarray.c:165 0x890f00d 0x890f32d 8 16
1 token.c:61 0x890f32d 8
1 token.c:71 0x890f54d 2
1 token.c:61 0x890f535 8
1 token.c:71 0x890f55d 6
3 dynarray.c:165 0x890f36d 0x890f00d 16 32
1 command.c:230 0x890f56d 8
4 command.c:256 0x890f56d 8
4 token.c:231 0x890f55d 6
4 token.c:232 0x890f535 8
4 token.c:231 0x890f54d 2
4 token.c:232 0x890f32d 8
4 token.c:231 0x890f405 6
4 token.c:232 0x890f3b5 8
4 token.c:231 0x890f3e5 2
4 token.c:232 0x890f315 8
4 token.c:231 0x890f345 4
4 token.c:232 0x890f3cd 8
4 dynarray.c:93 0x890f36d 32
4 dynarray.c:94 0x890f2fd 12
1 dynarray.c:61 0x890f2fd 12
2 dynarray.c:73 0x890f3cd 8
1 token.c:61 0x890f315 8
1 token.c:71 0x890f345 4
1 token.c:61 0x890f3b5 8
1 token.c:71 0x890f3e5 6
1 command.c:230 0x890f32d 12
4 command.c:256 0x890f32d 12
4 token.c:231 0x890f3e5 6
4 token.c:232 0x890f3b5 8
4 token.c:231 0x890f345 4
4 token.c:232 0x890f315 8
4 dynarray.c:93 0x890f3cd 8
4 dynarray.c:94 0x890f2fd 12
1 dynarray.c:61 0x890f2fd 12
2 dynarray.c:73 0x890f3cd 8
1 token.c:61 0x890f315 8
1 token.c:71 0x890f345 4
1 token.c:61 0x890f3b5 8
1 token.c:71 0x890f3e5 6
1 token.c:61 0x890f32d 8
1 token.c:71 0x890f405 2
3 dynarray.c:165 0x890f00d 0x890f3cd 8 16
1 token.c:61 0x890f3cd 8
1 token.c:71 0x890f54d 6
1 token.c:61 0x890f535 8
1 token.c:71 0x890f55d 6
3 dynarray.c:165 0x890f36d 0x890f00d 16 32
1 command.c:230 0x890f00d 16
4 command.c:256 0x890f00d 16
4 token.c:231 0x890f55d 6
4 token.c:232 0x890f535 8
4 token.c:231 0x890f54d 6
4 token.c:232 0x890f3cd 8
4 token.c:231 0x890f405 2
4 token.c:232 0x890f32d 8
4 token.c:231 0x890f3e5 6
4 token.c:232 0x890f3b5 8
4 token.c:231 0x890f345 4
4 token.c:232 0x890f315 8
4 dynarray.c:93 0x890f36d 32
4 dynarray.c:94 0x890f2fd 12
1 dynarray.c:61 0x890f2fd 12
2 dynarray.c:73 0x890f315 8
1 token.c:61 0x890f3b5 8
1 token.c:71 0x890f345 4
1 token.c:61 0x890f32d 8
1 token.c:71 0x890f3e5 6
1 command.c:230 0x890f3cd 12
4 command.c:256 0x890f3cd 12
4 token.c:231 0x890f3e5 6
4 token.c:232 0x890f32d 8
4 token.c:231 0x890f345 4
4 token.c:232 0x890f3b5 8
4 dynarray.c:93 0x890f315 8
4 dynarray.c:94 0x890f2fd 12
1 dynarray.c:61 0x890f2fd 12
2 dynarray.c:73 0x890f315 8
1 token.c:61 0x890f3b5 8
1 token.c:71 0x890f345 3
1 token.c:61 0x890f32d 8
1 token.c:71 0x890f3e5 5
1 token.c:61 0x890f3cd 8
1 token.c:71 0x890f405 6
3 dynarray.c:165 0x890f00d 0x890f315 8 16
1 token.c:61 0x890f315 8
1 token.c:71 0x890f54d 6
1 token.c:61 0x890f535 8
1 token.c:71 0x890f55d 6
3 dynarray.c:165 0x890f36d 0x890f00d 16 32
3 dynarray.c:165 0x890f585 0x890f415 16 32
1 command.c:230 0x890f5b5 24
4 command.c:256 0x890f5b5 24
4 token.c:231 0x890f55d 6
4 token.c:232 0x890f535 8
4 token.c:231 0x890f54d 6
4 token.c:232 0x890f315 8
4 token.c:231 0x890f405 6
4 token.c:232 0x890f3cd 8
4 token.c:231 0x890f3e5 5
4 token.c:232 0x890f32d 8
4 token.c:231 0x890f345 3
4 token.c:232 0x890f3b5 8
4 dynarray.c:93 0x890f36d 32
4 dynarray.c:94 0x890f2fd 12
1 dynarray.c:61 0x890f2fd 12
2 dynarray.c:73 0x890f3b5 8
4 dynarray.c:93 0x890f3b5 8
4 dynarray.c:94 0x890f2fd 12
1 dynarray.c:61 0x890f2fd 12
2 dynarray.c:73 0x890f3b5 8
1 token.c:61 0x890f32d 8
1 token.c:71 0x890f345 5
1 token.c:61 0x890f3cd 8
1 token.c:71 0x890f5b5 25
1 command.c:230 0x890f315 12
4 command.c:256 0x890f315 12
4 token.c:231 0x890f5b5 25
4 token.c:232 0x890f3cd 8
4 token.c:231 0x890f345 5
4 token.c:232 0x890f32d 8
4 dynarray.c:93 0x890f3b5 8
4 dynarray.c:94 0x890f2fd 12
1 dynarray.c:61 0x890f2fd 12
2 dynarray.c:73 0x890f3b5 8
1 token.c:61 0x890f32d 8
1 token.c:71 0x890f345 5
4 token.c:231 0x890f345 5
4 token.c:232 0x890f32d 8
4 dynarray.c:93 0x890f3b5 8
4 dynarray.c:94 0x890f2fd 12
1 dynarray.c:61 0x890f2fd 12
2 dynarray.c:73 0x890f3b5 8
1 token.c:61 0x890f32d 8
1 token.c:71 0x890f345 3
1 token.c:61 0x890f3cd 8
1 token.c:71 0x890f3e5 5
1 token.c:61 0x890f315 8
1 token.c:71 0x890f405 5
3 dynarray.c:165 0x890f415 0x890f3b5 8 16
4 token.c:231 0x890f405 5
4 token.c:232 0x890f315 8
4 token.c:231 0x890f3e5 5
4 token.c:232 0x890f3cd 8
4 token.c:231 0x890f345 3
4 token.c:232 0x890f32d 8
4 dynarray.c:93 0x890f415 16
4 dynarray.c:94 0x890f2fd 12
1 dynarray.c:61 0x890f2fd 12
2 dynarray.c:73 0x890f32d 8
1 token.c:61 0x890f3cd 8
1 token.c:71 0x890f315 7
4 token.c:231 0x890f315 7
4 token.c:232 0x890f3cd 8
4 dynarray.c:93 0x890f32d 8
4 dynarray.c:94 0x890f2fd 12
1 dynarray.c:61 0x890f2fd 12
2 dynarray.c:73 0x890f32d 8
1 token.c:61 0x890f3cd 8
1 token.c:71 0x890f315 9
4 token.c:231 0x890f315 9
4 token.c:232 0x890f3cd 8
4 dynarray.c:93 0x890f32d 8
4 dynarray.c:94 0x890f2fd 12
1 dynarray.c:61 0x890f2fd 12
2 dynarray.c:73 0x890f32d 8
1 token.c:61 0x890f3cd 8
1 token.c:71 0x890f345 5
1 token.c:61 0x890f315 8
1 token.c:71 0x890f3e5 4
1 token.c:61 0x890f3b5 8
1 token.c:71 0x890f405 2
3 dynarray.c:165 0x890f415 0x890f32d 8 16
4 token.c:231 0x890f405 2
4 token.c:232 0x890f3b5 8
4 token.c:231 0x890f3e5 4
4 token.c:232 0x890f315 8
4 token.c:231 0x890f345 5
4 token.c:232 0x890f3cd 8
4 dynarray.c:93 0x890f415 16
4 dynarray.c:94 0x890f2fd 12
1 dynarray.c:61 0x890f2fd 12
2 dynarray.c:73 0x890f3cd 8
1 token.c:61 0x890f315 8
1 token.c:71 0x890f345 5
1 token.c:61 0x890f3b5 8
1 token.c:71 0x890f3e5 4
1 token.c:61 0x890f32d 8
1 token.c:71 0x890f405 2
3 dynarray.c:165 0x890f415 0x890f3cd 8 16
1 token.c:61 0x890f3cd 8
1 token.c:71 0x890f54d 6
1 token.c:61 0x890f535 8
1 token.c:71 0x890f55d 2
3 dynarray.c:165 0x890f36d 0x890f415 16 32
1 token.c:61 0x890f56d 8
1 token.c:71 0x890f5dd 6
4 token.c:231 0x890f5dd 6
4 token.c:232 0x890f56d 8
4 token.c:231 0x890f55d 2
4 token.c:232 0x890f535 8
4 token.c:231 0x890f54d 6
4 token.c:232 0x890f3cd 8
4 token.c:231 0x890f405 2
4 token.c:232 0x890f32d 8
4 token.c:231 0x890f3e5 4
4 token.c:232 0x890f3b5 8
4 token.c:231 0x890f345 5
4 token.c:232 0x890f315 8
4 dynarray.c:93 0x890f36d 32
4 dynarray.c:94 0x890f2fd 12
1 dynarray.c:61 0x890f2fd 12
2 dynarray.c:73 0x890f315 8
1 token.c:61 0x890f3b5 8
1 token.c:71 0x890f345 4
1 token.c:61 0x890f32d 8
1 token.c:71 0x890f3e5 2
1 token.c:61 0x890f3cd 8
1 token.c:71 0x890f535 11
3 dynarray.c:165 0x890f415 0x890f315 8 16
1 command.c:230 0x890f315 8
4 command.c:256 0x890f315 8
4 token.c:231 0x890f535 11
4 token.c:232 0x890f3cd 8
4 token.c:231 0x890f3e5 2
4 token.c:232 0x890f32d 8
4 token.c:231 0x890f345 4
4 token.c:232 0x890f3b5 8
4 dynarray.c:93 0x890f415 16
4 dynarray.c:94 0x890f2fd 12
1 dynarray.c:61 0x890f2fd 12
2 dynarray.c:73 0x890f3b5 8
1 token.c:61 0x890f32d 8
1 token.c:71 0x890f3cd 14
1 command.c:230 0x890f535 8
4 command.c:256 0x890f535 8
4 token.c:231 0x890f3cd 14
4 token.c:232 0x890f32d 8
4 dynarray.c:93 0x890f3b5 8
4 dynarray.c:94 0x890f2fd 12
1 dynarray.c:61 0x890f2fd 12
2 dynarray.c:73 0x890f3b5 8
4 dynarray.c:93 0x890f3b5 8
4 dynarray.c:94 0x890f2fd 12
1 dynarray.c:61 0x890f2fd 12
2 dynarray.c:73 0x890f3b5 8
1 token.c:61 0x890f32d 8
1 token.c:71 0x890f345 5
1 token.c:61 0x890f3cd 8
1 token.c:71 0x890f5b5 23
1 command.c:230 0x890f535 12
4 command.c:256 0x890f535 12
4 token.c:231 0x890f5b5 23
4 token.c:232 0x890f3cd 8
4 token.c:231 0x890f345 5
4 token.c:232 0x890f32d 8
4 dynarray.c:93 0x890f3b5 8
4 dynarray.c:94 0x890f2fd 12
1 dynarray.c:61 0x890f2fd 12
2 dynarray.c:73 0x890f3b5 8
1 token.c:61 0x890f32d 8
1 token.c:71 0x890f345 5
1 token.c:61 0x890f3cd 8
1 token.c:71 0x890f3e5 4
1 token.c:61 0x890f535 8
1 token.c:71 0x890f405 4
3 dynarray.c:165 0x890f415 0x890f3b5 8 16
1 token.c:61 0x890f3b5 8
1 token.c:71 0x890f54d 5
1 command.c:230 0x890f00d 20
4 command.c:256 0x890f00d 20
4 token.c:231 0x890f54d 5
4 token.c:232 0x890f3b5 8
4 token.c:231 0x890f405 4
4 token.c:232 0x890f535 8
4 token.c:231 0x890f3e5 4
4 token.c:232 0x890f3cd 8
4 token.c:231 0x890f345 5
4 token.c:232 0x890f32d 8
4 dynarray.c:93 0x890f415 16
4 dynarray.c:94 0x890f2fd 12
1 dynarray.c:61 0x890f2fd 12
2 dynarray.c:73 0x890f32d 8
1 token.c:61 0x890f3cd 8
1 token.c:71 0x890f345 5
1 token.c:61 0x890f535 8
1 token.c:71 0x890f3e5 4
1 token.c:61 0x890f3b5 8
1 token.c:71 0x890f405 2
3 dynarray.c:165 0x890f415 0x890f32d 8 16
1 token.c:61 0x890f32d 8
1 token.c:71 0x890f54d 4
1 command.c:230 0x890f315 12
4 command.c:256 0x890f315 12
4 token.c:231 0x890f54d 4
4 token.c:232 0x890f32d 8
4 token.c:231 0x890f405 2
4 token.c:232 0x890f3b5 8
4 token.c:231 0x890f3e5 4
4 token.c:232 0x890f535 8
4 token.c:231 0x890f345 5
4 token.c:232 0x890f3cd 8
4 dynarray.c:93 0x890f415 16
4 dynarray.c:94 0x890f2fd 12
1 dynarray.c:61 0x890f2fd 12
2 dynarray.c:73 0x890f3cd 8
1 token.c:61 0x890f535 8
1 token.c:71 0x890f345 4
1 token.c:61 0x890f3b5 8
1 token.c:71 0x890f3e5 4
1 command.c:230 0x890f32d 12
4 command.c:256 0x890f32d 12
4 token.c:231 0x890f3e5 4
4 token.c:232 0x890f3b5 8
4 token.c:231 0x890f345 4
4 token.c:232 0x890f535 8
4 dynarray.c:93 0x890f3cd 8
4 dynarray.c:94 0x890f2fd 12
1 dynarray.c:61 0x890f2fd 12
2 dynarray.c:73 0x890f3cd 8
1 token.c:61 0x890f535 8
1 token.c:71 0x890f345 3
1 token.c:61 0x890f3b5 8
1 token.c:71 0x890f3e5 4
1 command.c:230 0x890f32d 12
4 command.c:256 0x890f32d 12
4 token.c:231 0x890f3e5 4
4 token.c:232 0x890f3b5 8
4 token.c:231 0x890f345 3
4 token.c:232 0x890f535 8
4 dynarray.c:93 0x890f3cd 8
4 dynarray.c:94 0x890f2fd 12
1 dynarray.c:61 0x890f2fd 12
2 dynarray.c:73 0x890f3cd 8
1 token.c:61 0x890f535 8
1 token.c:71 0x890f345 5
4 token.c:231 0x890f345 5
4 token.c:232 0x890f535 8
4 dynarray.c:93 0x890f3cd 8
4 dynarray.c:94 0x890f2fd 12
4 dynarray.c:93 0x890f585 32
4 dynarray.c:94 0x890f39d 12
